#! /c/Source/iverilog-install/bin/vvp
:ivl_version "12.0 (devel)" "(s20150603-1539-g2693dd32b)";
:ivl_delay_selection "TYPICAL";
:vpi_time_precision + 0;
:vpi_module "C:\iverilog\lib\ivl\system.vpi";
:vpi_module "C:\iverilog\lib\ivl\vhdl_sys.vpi";
:vpi_module "C:\iverilog\lib\ivl\vhdl_textio.vpi";
:vpi_module "C:\iverilog\lib\ivl\v2005_math.vpi";
:vpi_module "C:\iverilog\lib\ivl\va_math.vpi";
S_000002540190da90 .scope module, "ave8" "ave8" 2 12;
 .timescale 0 0;
    .port_info 0 /INPUT 8 "in0";
    .port_info 1 /OUTPUT 7 "seven_display_units";
    .port_info 2 /OUTPUT 7 "seven_display_tens";
    .port_info 3 /OUTPUT 7 "seven_display_hun";
    .port_info 4 /INPUT 1 "CLOCK";
    .port_info 5 /INPUT 1 "RESET";
o00000254019220b8 .functor BUFZ 1, C4<z>; HiZ drive
v000002540197bcc0_0 .net "CLOCK", 0 0, o00000254019220b8;  0 drivers
o00000254019220e8 .functor BUFZ 1, C4<z>; HiZ drive
v000002540197bf40_0 .net "RESET", 0 0, o00000254019220e8;  0 drivers
v000002540197bfe0_0 .net *"_ivl_5", 1 0, L_000002540197f0b0;  1 drivers
L_00000254019f0430 .functor BUFT 1, C4<0>, C4<0>, C4<0>, C4<0>;
v000002540197bc20_0 .net *"_ivl_9", 0 0, L_00000254019f0430;  1 drivers
o00000254019222c8 .functor BUFZ 8, C4<zzzzzzzz>; HiZ drive
v000002540197c440_0 .net "in0", 0 7, o00000254019222c8;  0 drivers
v000002540197b9a0_0 .net "seven_display_hun", 0 6, v000002540197c940_0;  1 drivers
v000002540197c620_0 .net "seven_display_tens", 0 6, v000002540197b4a0_0;  1 drivers
v000002540197ca80_0 .net "seven_display_units", 0 6, v000002540197c9e0_0;  1 drivers
v000002540197bae0_0 .net "temp", 0 7, v000002540197cda0_0;  1 drivers
L_000002540197dcb0 .part v000002540197cda0_0, 5, 3;
L_000002540197e9d0 .part v000002540197cda0_0, 2, 3;
L_000002540197f0b0 .part v000002540197cda0_0, 0, 2;
L_000002540197f5b0 .concat [ 2 1 0 0], L_000002540197f0b0, L_00000254019f0430;
S_000002540190dc20 .scope module, "u0" "ave8_old" 2 22, 2 29 0, S_000002540190da90;
 .timescale 0 0;
    .port_info 0 /INPUT 8 "in0";
    .port_info 1 /OUTPUT 8 "ave8_ret";
    .port_info 2 /INPUT 1 "CLOCK";
    .port_info 3 /INPUT 1 "RESET";
L_0000025401913880 .functor BUFZ 10, L_000002540197b720, C4<0000000000>, C4<0000000000>, C4<0000000000>;
L_00000254019135e0 .functor BUFZ 9, L_000002540197cc60, C4<000000000>, C4<000000000>, C4<000000000>;
L_0000025401913180 .functor BUFZ 8, o00000254019222c8, C4<00000000>, C4<00000000>, C4<00000000>;
L_0000025401913650 .functor BUFZ 11, L_000002540197b7c0, C4<00000000000>, C4<00000000000>, C4<00000000000>;
L_00000254019133b0 .functor BUFZ 9, L_000002540197ce40, C4<000000000>, C4<000000000>, C4<000000000>;
L_00000254019136c0 .functor BUFZ 9, L_000002540197e070, C4<000000000>, C4<000000000>, C4<000000000>;
L_00000254019131f0 .functor BUFZ 9, L_000002540197b400, C4<000000000>, C4<000000000>, C4<000000000>;
v000002540197a660_0 .net "CLOCK", 0 0, o00000254019220b8;  alias, 0 drivers
v00000254019794e0_0 .net "RESET", 0 0, o00000254019220e8;  alias, 0 drivers
v0000025401979bc0_0 .var "RG_buffer", 0 7;
v00000254019798a0_0 .var "RG_buffer_1", 0 7;
v000002540197a8e0_0 .var "RG_buffer_2", 0 7;
v000002540197a3e0_0 .var "RG_buffer_3", 0 7;
v0000025401979a80_0 .var "RG_buffer_4", 0 7;
v000002540197a340_0 .var "RG_buffer_5", 0 7;
v000002540197a840_0 .var "RG_buffer_6", 0 7;
v0000025401979c60_0 .net "add12u_111i1", 0 10, L_0000025401913650;  1 drivers
v000002540197a700_0 .net "add12u_111i2", 0 8, L_00000254019133b0;  1 drivers
v000002540197a980_0 .net "add12u_111ot", 0 10, L_000002540197bb80;  1 drivers
v000002540197aa20_0 .net "add12u_11_101i1", 0 8, L_00000254019136c0;  1 drivers
v000002540197aac0_0 .net "add12u_11_101i2", 0 8, L_00000254019131f0;  1 drivers
v000002540197ab60_0 .net "add12u_11_101ot", 0 9, L_000002540197b720;  1 drivers
v000002540197ac00_0 .net "add12u_11_111i1", 0 9, L_0000025401913880;  1 drivers
v000002540197bd60_0 .net "add12u_11_111i2", 0 8, L_00000254019135e0;  1 drivers
v000002540197b540_0 .net "add12u_11_111ot", 0 10, L_000002540197b7c0;  1 drivers
v000002540197b360_0 .net "add8u1i1", 0 7, v000002540197a840_0;  1 drivers
v000002540197c300_0 .net "add8u1i2", 0 7, L_0000025401913180;  1 drivers
v000002540197c3a0_0 .net "add8u1ot", 0 8, L_000002540197ce40;  1 drivers
v000002540197be00_0 .net "add8u2i1", 0 7, v0000025401979a80_0;  1 drivers
v000002540197c4e0_0 .net "add8u2i2", 0 7, v000002540197a340_0;  1 drivers
v000002540197c080_0 .net "add8u2ot", 0 8, L_000002540197cc60;  1 drivers
v000002540197b860_0 .net "add8u3i1", 0 7, v000002540197a8e0_0;  1 drivers
v000002540197c580_0 .net "add8u3i2", 0 7, v000002540197a3e0_0;  1 drivers
v000002540197b5e0_0 .net "add8u3ot", 0 8, L_000002540197b400;  1 drivers
v000002540197ba40_0 .net "add8u4i1", 0 7, v0000025401979bc0_0;  1 drivers
v000002540197bea0_0 .net "add8u4i2", 0 7, v00000254019798a0_0;  1 drivers
v000002540197c260_0 .net "add8u4ot", 0 8, L_000002540197e070;  1 drivers
v000002540197cd00_0 .net "ave8_ret", 0 7, v000002540197cda0_0;  alias, 1 drivers
v000002540197cda0_0 .var "ave8_ret_r", 0 7;
v000002540197b900_0 .net "in0", 0 7, o00000254019222c8;  alias, 0 drivers
E_000002540191f660 .event posedge, v00000254019794e0_0, v000002540197a660_0;
S_00000254016cd630 .scope module, "INST_add12u_11_1" "ave8_add12u_11" 2 68, 2 149 0, S_000002540190dc20;
 .timescale 0 0;
    .port_info 0 /INPUT 11 "i1";
    .port_info 1 /INPUT 9 "i2";
    .port_info 2 /OUTPUT 11 "o1";
L_00000254019f01a8 .functor BUFT 1, C4<00>, C4<0>, C4<0>, C4<0>;
v0000025401918f70_0 .net/2u *"_ivl_0", 1 0, L_00000254019f01a8;  1 drivers
v0000025401918570_0 .net *"_ivl_2", 10 0, L_000002540197cee0;  1 drivers
v0000025401918e30_0 .net "i1", 0 10, L_0000025401913650;  alias, 1 drivers
v0000025401918610_0 .net "i2", 0 8, L_00000254019133b0;  alias, 1 drivers
v0000025401918c50_0 .net "o1", 0 10, L_000002540197bb80;  alias, 1 drivers
L_000002540197cee0 .concat [ 9 2 0 0], L_00000254019133b0, L_00000254019f01a8;
L_000002540197bb80 .arith/sum 11, L_0000025401913650, L_000002540197cee0;
S_00000254016cd7c0 .scope module, "INST_add12u_11_10_1" "ave8_add12u_11_10" 2 64, 2 131 0, S_000002540190dc20;
 .timescale 0 0;
    .port_info 0 /INPUT 9 "i1";
    .port_info 1 /INPUT 9 "i2";
    .port_info 2 /OUTPUT 10 "o1";
L_00000254019f0088 .functor BUFT 1, C4<0>, C4<0>, C4<0>, C4<0>;
v00000254019186b0_0 .net/2u *"_ivl_0", 0 0, L_00000254019f0088;  1 drivers
v00000254019184d0_0 .net *"_ivl_2", 9 0, L_000002540197c6c0;  1 drivers
L_00000254019f00d0 .functor BUFT 1, C4<0>, C4<0>, C4<0>, C4<0>;
v0000025401918ed0_0 .net/2u *"_ivl_4", 0 0, L_00000254019f00d0;  1 drivers
v0000025401919010_0 .net *"_ivl_6", 9 0, L_000002540197c760;  1 drivers
v00000254019190b0_0 .net "i1", 0 8, L_00000254019136c0;  alias, 1 drivers
v0000025401919150_0 .net "i2", 0 8, L_00000254019131f0;  alias, 1 drivers
v0000025401918750_0 .net "o1", 0 9, L_000002540197b720;  alias, 1 drivers
L_000002540197c6c0 .concat [ 9 1 0 0], L_00000254019136c0, L_00000254019f0088;
L_000002540197c760 .concat [ 9 1 0 0], L_00000254019131f0, L_00000254019f00d0;
L_000002540197b720 .arith/sum 10, L_000002540197c6c0, L_000002540197c760;
S_0000025401908840 .scope module, "INST_add12u_11_11_1" "ave8_add12u_11_11" 2 66, 2 140 0, S_000002540190dc20;
 .timescale 0 0;
    .port_info 0 /INPUT 10 "i1";
    .port_info 1 /INPUT 9 "i2";
    .port_info 2 /OUTPUT 11 "o1";
L_00000254019f0118 .functor BUFT 1, C4<0>, C4<0>, C4<0>, C4<0>;
v00000254019191f0_0 .net/2u *"_ivl_0", 0 0, L_00000254019f0118;  1 drivers
v00000254019799e0_0 .net *"_ivl_2", 10 0, L_000002540197c800;  1 drivers
L_00000254019f0160 .functor BUFT 1, C4<00>, C4<0>, C4<0>, C4<0>;
v0000025401979d00_0 .net/2u *"_ivl_4", 1 0, L_00000254019f0160;  1 drivers
v000002540197ad40_0 .net *"_ivl_6", 10 0, L_000002540197c8a0;  1 drivers
v0000025401979800_0 .net "i1", 0 9, L_0000025401913880;  alias, 1 drivers
v0000025401979ee0_0 .net "i2", 0 8, L_00000254019135e0;  alias, 1 drivers
v000002540197ade0_0 .net "o1", 0 10, L_000002540197b7c0;  alias, 1 drivers
L_000002540197c800 .concat [ 10 1 0 0], L_0000025401913880, L_00000254019f0118;
L_000002540197c8a0 .concat [ 9 2 0 0], L_00000254019135e0, L_00000254019f0160;
L_000002540197b7c0 .arith/sum 11, L_000002540197c800, L_000002540197c8a0;
S_00000254019089d0 .scope module, "INST_add8u_1" "ave8_add8u" 2 69, 2 158 0, S_000002540190dc20;
 .timescale 0 0;
    .port_info 0 /INPUT 8 "i1";
    .port_info 1 /INPUT 8 "i2";
    .port_info 2 /OUTPUT 9 "o1";
L_00000254019f01f0 .functor BUFT 1, C4<0>, C4<0>, C4<0>, C4<0>;
v0000025401979260_0 .net/2u *"_ivl_0", 0 0, L_00000254019f01f0;  1 drivers
v00000254019793a0_0 .net *"_ivl_2", 8 0, L_000002540197d020;  1 drivers
L_00000254019f0238 .functor BUFT 1, C4<0>, C4<0>, C4<0>, C4<0>;
v000002540197a7a0_0 .net/2u *"_ivl_4", 0 0, L_00000254019f0238;  1 drivers
v000002540197a480_0 .net *"_ivl_6", 8 0, L_000002540197cb20;  1 drivers
v0000025401979b20_0 .net "i1", 0 7, v000002540197a840_0;  alias, 1 drivers
v00000254019791c0_0 .net "i2", 0 7, L_0000025401913180;  alias, 1 drivers
v0000025401979580_0 .net "o1", 0 8, L_000002540197ce40;  alias, 1 drivers
L_000002540197d020 .concat [ 8 1 0 0], v000002540197a840_0, L_00000254019f01f0;
L_000002540197cb20 .concat [ 8 1 0 0], L_0000025401913180, L_00000254019f0238;
L_000002540197ce40 .arith/sum 9, L_000002540197d020, L_000002540197cb20;
S_00000254018c2ce0 .scope module, "INST_add8u_2" "ave8_add8u" 2 70, 2 158 0, S_000002540190dc20;
 .timescale 0 0;
    .port_info 0 /INPUT 8 "i1";
    .port_info 1 /INPUT 8 "i2";
    .port_info 2 /OUTPUT 9 "o1";
L_00000254019f0280 .functor BUFT 1, C4<0>, C4<0>, C4<0>, C4<0>;
v0000025401979da0_0 .net/2u *"_ivl_0", 0 0, L_00000254019f0280;  1 drivers
v0000025401979620_0 .net *"_ivl_2", 8 0, L_000002540197cbc0;  1 drivers
L_00000254019f02c8 .functor BUFT 1, C4<0>, C4<0>, C4<0>, C4<0>;
v0000025401979940_0 .net/2u *"_ivl_4", 0 0, L_00000254019f02c8;  1 drivers
v000002540197a020_0 .net *"_ivl_6", 8 0, L_000002540197cf80;  1 drivers
v000002540197ae80_0 .net "i1", 0 7, v0000025401979a80_0;  alias, 1 drivers
v0000025401979f80_0 .net "i2", 0 7, v000002540197a340_0;  alias, 1 drivers
v0000025401979080_0 .net "o1", 0 8, L_000002540197cc60;  alias, 1 drivers
L_000002540197cbc0 .concat [ 8 1 0 0], v0000025401979a80_0, L_00000254019f0280;
L_000002540197cf80 .concat [ 8 1 0 0], v000002540197a340_0, L_00000254019f02c8;
L_000002540197cc60 .arith/sum 9, L_000002540197cbc0, L_000002540197cf80;
S_00000254018c2e70 .scope module, "INST_add8u_3" "ave8_add8u" 2 71, 2 158 0, S_000002540190dc20;
 .timescale 0 0;
    .port_info 0 /INPUT 8 "i1";
    .port_info 1 /INPUT 8 "i2";
    .port_info 2 /OUTPUT 9 "o1";
L_00000254019f0310 .functor BUFT 1, C4<0>, C4<0>, C4<0>, C4<0>;
v000002540197a0c0_0 .net/2u *"_ivl_0", 0 0, L_00000254019f0310;  1 drivers
v0000025401979e40_0 .net *"_ivl_2", 8 0, L_000002540197d0c0;  1 drivers
L_00000254019f0358 .functor BUFT 1, C4<0>, C4<0>, C4<0>, C4<0>;
v000002540197aca0_0 .net/2u *"_ivl_4", 0 0, L_00000254019f0358;  1 drivers
v00000254019796c0_0 .net *"_ivl_6", 8 0, L_000002540197b220;  1 drivers
v000002540197af20_0 .net "i1", 0 7, v000002540197a8e0_0;  alias, 1 drivers
v0000025401979760_0 .net "i2", 0 7, v000002540197a3e0_0;  alias, 1 drivers
v000002540197a5c0_0 .net "o1", 0 8, L_000002540197b400;  alias, 1 drivers
L_000002540197d0c0 .concat [ 8 1 0 0], v000002540197a8e0_0, L_00000254019f0310;
L_000002540197b220 .concat [ 8 1 0 0], v000002540197a3e0_0, L_00000254019f0358;
L_000002540197b400 .arith/sum 9, L_000002540197d0c0, L_000002540197b220;
S_000002540197b040 .scope module, "INST_add8u_4" "ave8_add8u" 2 72, 2 158 0, S_000002540190dc20;
 .timescale 0 0;
    .port_info 0 /INPUT 8 "i1";
    .port_info 1 /INPUT 8 "i2";
    .port_info 2 /OUTPUT 9 "o1";
L_00000254019f03a0 .functor BUFT 1, C4<0>, C4<0>, C4<0>, C4<0>;
v000002540197a520_0 .net/2u *"_ivl_0", 0 0, L_00000254019f03a0;  1 drivers
v0000025401979120_0 .net *"_ivl_2", 8 0, L_000002540197b2c0;  1 drivers
L_00000254019f03e8 .functor BUFT 1, C4<0>, C4<0>, C4<0>, C4<0>;
v000002540197a160_0 .net/2u *"_ivl_4", 0 0, L_00000254019f03e8;  1 drivers
v0000025401979300_0 .net *"_ivl_6", 8 0, L_000002540197ebb0;  1 drivers
v0000025401979440_0 .net "i1", 0 7, v0000025401979bc0_0;  alias, 1 drivers
v000002540197a200_0 .net "i2", 0 7, v00000254019798a0_0;  alias, 1 drivers
v000002540197a2a0_0 .net "o1", 0 8, L_000002540197e070;  alias, 1 drivers
L_000002540197b2c0 .concat [ 8 1 0 0], v0000025401979bc0_0, L_00000254019f03a0;
L_000002540197ebb0 .concat [ 8 1 0 0], v00000254019798a0_0, L_00000254019f03e8;
L_000002540197e070 .arith/sum 9, L_000002540197b2c0, L_000002540197ebb0;
S_000002540197d3f0 .scope module, "u1" "seven_display_decoder" 2 23, 2 167 0, S_000002540190da90;
 .timescale 0 0;
    .port_info 0 /INPUT 3 "in";
    .port_info 1 /OUTPUT 7 "out";
v000002540197c120_0 .net "in", 0 2, L_000002540197dcb0;  1 drivers
v000002540197c9e0_0 .var "out", 0 6;
E_000002540191f960 .event anyedge, v000002540197c120_0;
S_000002540197d580 .scope module, "u2" "seven_display_decoder" 2 24, 2 167 0, S_000002540190da90;
 .timescale 0 0;
    .port_info 0 /INPUT 3 "in";
    .port_info 1 /OUTPUT 7 "out";
v000002540197c1c0_0 .net "in", 0 2, L_000002540197e9d0;  1 drivers
v000002540197b4a0_0 .var "out", 0 6;
E_000002540191f520 .event anyedge, v000002540197c1c0_0;
S_000002540197d710 .scope module, "u3" "seven_display_decoder" 2 25, 2 167 0, S_000002540190da90;
 .timescale 0 0;
    .port_info 0 /INPUT 3 "in";
    .port_info 1 /OUTPUT 7 "out";
v000002540197b680_0 .net "in", 0 2, L_000002540197f5b0;  1 drivers
v000002540197c940_0 .var "out", 0 6;
E_000002540191f9a0 .event anyedge, v000002540197b680_0;
    .scope S_000002540190dc20;
T_0 ;
    %wait E_000002540191f660;
    %load/vec4 v00000254019794e0_0;
    %flag_set/vec4 8;
    %jmp/0xz  T_0.0, 8;
    %pushi/vec4 0, 0, 8;
    %assign/vec4 v000002540197cda0_0, 0;
    %jmp T_0.1;
T_0.0 ;
    %load/vec4 v000002540197a980_0;
    %parti/s 8, 3, 3;
    %assign/vec4 v000002540197cda0_0, 0;
T_0.1 ;
    %jmp T_0;
    .thread T_0;
    .scope S_000002540190dc20;
T_1 ;
    %wait E_000002540191f660;
    %load/vec4 v00000254019794e0_0;
    %flag_set/vec4 8;
    %jmp/0xz  T_1.0, 8;
    %pushi/vec4 0, 0, 8;
    %assign/vec4 v0000025401979bc0_0, 0;
    %jmp T_1.1;
T_1.0 ;
    %load/vec4 v000002540197b900_0;
    %assign/vec4 v0000025401979bc0_0, 0;
T_1.1 ;
    %jmp T_1;
    .thread T_1;
    .scope S_000002540190dc20;
T_2 ;
    %wait E_000002540191f660;
    %load/vec4 v00000254019794e0_0;
    %flag_set/vec4 8;
    %jmp/0xz  T_2.0, 8;
    %pushi/vec4 0, 0, 8;
    %assign/vec4 v00000254019798a0_0, 0;
    %jmp T_2.1;
T_2.0 ;
    %load/vec4 v0000025401979bc0_0;
    %assign/vec4 v00000254019798a0_0, 0;
T_2.1 ;
    %jmp T_2;
    .thread T_2;
    .scope S_000002540190dc20;
T_3 ;
    %wait E_000002540191f660;
    %load/vec4 v00000254019794e0_0;
    %flag_set/vec4 8;
    %jmp/0xz  T_3.0, 8;
    %pushi/vec4 0, 0, 8;
    %assign/vec4 v000002540197a8e0_0, 0;
    %jmp T_3.1;
T_3.0 ;
    %load/vec4 v00000254019798a0_0;
    %assign/vec4 v000002540197a8e0_0, 0;
T_3.1 ;
    %jmp T_3;
    .thread T_3;
    .scope S_000002540190dc20;
T_4 ;
    %wait E_000002540191f660;
    %load/vec4 v00000254019794e0_0;
    %flag_set/vec4 8;
    %jmp/0xz  T_4.0, 8;
    %pushi/vec4 0, 0, 8;
    %assign/vec4 v000002540197a3e0_0, 0;
    %jmp T_4.1;
T_4.0 ;
    %load/vec4 v000002540197a8e0_0;
    %assign/vec4 v000002540197a3e0_0, 0;
T_4.1 ;
    %jmp T_4;
    .thread T_4;
    .scope S_000002540190dc20;
T_5 ;
    %wait E_000002540191f660;
    %load/vec4 v00000254019794e0_0;
    %flag_set/vec4 8;
    %jmp/0xz  T_5.0, 8;
    %pushi/vec4 0, 0, 8;
    %assign/vec4 v0000025401979a80_0, 0;
    %jmp T_5.1;
T_5.0 ;
    %load/vec4 v000002540197a3e0_0;
    %assign/vec4 v0000025401979a80_0, 0;
T_5.1 ;
    %jmp T_5;
    .thread T_5;
    .scope S_000002540190dc20;
T_6 ;
    %wait E_000002540191f660;
    %load/vec4 v00000254019794e0_0;
    %flag_set/vec4 8;
    %jmp/0xz  T_6.0, 8;
    %pushi/vec4 0, 0, 8;
    %assign/vec4 v000002540197a340_0, 0;
    %jmp T_6.1;
T_6.0 ;
    %load/vec4 v0000025401979a80_0;
    %assign/vec4 v000002540197a340_0, 0;
T_6.1 ;
    %jmp T_6;
    .thread T_6;
    .scope S_000002540190dc20;
T_7 ;
    %wait E_000002540191f660;
    %load/vec4 v00000254019794e0_0;
    %flag_set/vec4 8;
    %jmp/0xz  T_7.0, 8;
    %pushi/vec4 0, 0, 8;
    %assign/vec4 v000002540197a840_0, 0;
    %jmp T_7.1;
T_7.0 ;
    %load/vec4 v000002540197a340_0;
    %assign/vec4 v000002540197a840_0, 0;
T_7.1 ;
    %jmp T_7;
    .thread T_7;
    .scope S_000002540197d3f0;
T_8 ;
    %wait E_000002540191f960;
    %load/vec4 v000002540197c120_0;
    %dup/vec4;
    %pushi/vec4 0, 0, 3;
    %cmp/u;
    %jmp/1 T_8.0, 6;
    %dup/vec4;
    %pushi/vec4 1, 0, 3;
    %cmp/u;
    %jmp/1 T_8.1, 6;
    %dup/vec4;
    %pushi/vec4 2, 0, 3;
    %cmp/u;
    %jmp/1 T_8.2, 6;
    %dup/vec4;
    %pushi/vec4 3, 0, 3;
    %cmp/u;
    %jmp/1 T_8.3, 6;
    %dup/vec4;
    %pushi/vec4 4, 0, 3;
    %cmp/u;
    %jmp/1 T_8.4, 6;
    %dup/vec4;
    %pushi/vec4 5, 0, 3;
    %cmp/u;
    %jmp/1 T_8.5, 6;
    %dup/vec4;
    %pushi/vec4 6, 0, 3;
    %cmp/u;
    %jmp/1 T_8.6, 6;
    %dup/vec4;
    %pushi/vec4 7, 0, 3;
    %cmp/u;
    %jmp/1 T_8.7, 6;
    %pushi/vec4 127, 0, 7;
    %store/vec4 v000002540197c9e0_0, 0, 7;
    %jmp T_8.9;
T_8.0 ;
    %pushi/vec4 64, 0, 7;
    %store/vec4 v000002540197c9e0_0, 0, 7;
    %jmp T_8.9;
T_8.1 ;
    %pushi/vec4 121, 0, 7;
    %store/vec4 v000002540197c9e0_0, 0, 7;
    %jmp T_8.9;
T_8.2 ;
    %pushi/vec4 36, 0, 7;
    %store/vec4 v000002540197c9e0_0, 0, 7;
    %jmp T_8.9;
T_8.3 ;
    %pushi/vec4 48, 0, 7;
    %store/vec4 v000002540197c9e0_0, 0, 7;
    %jmp T_8.9;
T_8.4 ;
    %pushi/vec4 25, 0, 7;
    %store/vec4 v000002540197c9e0_0, 0, 7;
    %jmp T_8.9;
T_8.5 ;
    %pushi/vec4 18, 0, 7;
    %store/vec4 v000002540197c9e0_0, 0, 7;
    %jmp T_8.9;
T_8.6 ;
    %pushi/vec4 2, 0, 7;
    %store/vec4 v000002540197c9e0_0, 0, 7;
    %jmp T_8.9;
T_8.7 ;
    %pushi/vec4 120, 0, 7;
    %store/vec4 v000002540197c9e0_0, 0, 7;
    %jmp T_8.9;
T_8.9 ;
    %pop/vec4 1;
    %jmp T_8;
    .thread T_8, $push;
    .scope S_000002540197d580;
T_9 ;
    %wait E_000002540191f520;
    %load/vec4 v000002540197c1c0_0;
    %dup/vec4;
    %pushi/vec4 0, 0, 3;
    %cmp/u;
    %jmp/1 T_9.0, 6;
    %dup/vec4;
    %pushi/vec4 1, 0, 3;
    %cmp/u;
    %jmp/1 T_9.1, 6;
    %dup/vec4;
    %pushi/vec4 2, 0, 3;
    %cmp/u;
    %jmp/1 T_9.2, 6;
    %dup/vec4;
    %pushi/vec4 3, 0, 3;
    %cmp/u;
    %jmp/1 T_9.3, 6;
    %dup/vec4;
    %pushi/vec4 4, 0, 3;
    %cmp/u;
    %jmp/1 T_9.4, 6;
    %dup/vec4;
    %pushi/vec4 5, 0, 3;
    %cmp/u;
    %jmp/1 T_9.5, 6;
    %dup/vec4;
    %pushi/vec4 6, 0, 3;
    %cmp/u;
    %jmp/1 T_9.6, 6;
    %dup/vec4;
    %pushi/vec4 7, 0, 3;
    %cmp/u;
    %jmp/1 T_9.7, 6;
    %pushi/vec4 127, 0, 7;
    %store/vec4 v000002540197b4a0_0, 0, 7;
    %jmp T_9.9;
T_9.0 ;
    %pushi/vec4 64, 0, 7;
    %store/vec4 v000002540197b4a0_0, 0, 7;
    %jmp T_9.9;
T_9.1 ;
    %pushi/vec4 121, 0, 7;
    %store/vec4 v000002540197b4a0_0, 0, 7;
    %jmp T_9.9;
T_9.2 ;
    %pushi/vec4 36, 0, 7;
    %store/vec4 v000002540197b4a0_0, 0, 7;
    %jmp T_9.9;
T_9.3 ;
    %pushi/vec4 48, 0, 7;
    %store/vec4 v000002540197b4a0_0, 0, 7;
    %jmp T_9.9;
T_9.4 ;
    %pushi/vec4 25, 0, 7;
    %store/vec4 v000002540197b4a0_0, 0, 7;
    %jmp T_9.9;
T_9.5 ;
    %pushi/vec4 18, 0, 7;
    %store/vec4 v000002540197b4a0_0, 0, 7;
    %jmp T_9.9;
T_9.6 ;
    %pushi/vec4 2, 0, 7;
    %store/vec4 v000002540197b4a0_0, 0, 7;
    %jmp T_9.9;
T_9.7 ;
    %pushi/vec4 120, 0, 7;
    %store/vec4 v000002540197b4a0_0, 0, 7;
    %jmp T_9.9;
T_9.9 ;
    %pop/vec4 1;
    %jmp T_9;
    .thread T_9, $push;
    .scope S_000002540197d710;
T_10 ;
    %wait E_000002540191f9a0;
    %load/vec4 v000002540197b680_0;
    %dup/vec4;
    %pushi/vec4 0, 0, 3;
    %cmp/u;
    %jmp/1 T_10.0, 6;
    %dup/vec4;
    %pushi/vec4 1, 0, 3;
    %cmp/u;
    %jmp/1 T_10.1, 6;
    %dup/vec4;
    %pushi/vec4 2, 0, 3;
    %cmp/u;
    %jmp/1 T_10.2, 6;
    %dup/vec4;
    %pushi/vec4 3, 0, 3;
    %cmp/u;
    %jmp/1 T_10.3, 6;
    %dup/vec4;
    %pushi/vec4 4, 0, 3;
    %cmp/u;
    %jmp/1 T_10.4, 6;
    %dup/vec4;
    %pushi/vec4 5, 0, 3;
    %cmp/u;
    %jmp/1 T_10.5, 6;
    %dup/vec4;
    %pushi/vec4 6, 0, 3;
    %cmp/u;
    %jmp/1 T_10.6, 6;
    %dup/vec4;
    %pushi/vec4 7, 0, 3;
    %cmp/u;
    %jmp/1 T_10.7, 6;
    %pushi/vec4 127, 0, 7;
    %store/vec4 v000002540197c940_0, 0, 7;
    %jmp T_10.9;
T_10.0 ;
    %pushi/vec4 64, 0, 7;
    %store/vec4 v000002540197c940_0, 0, 7;
    %jmp T_10.9;
T_10.1 ;
    %pushi/vec4 121, 0, 7;
    %store/vec4 v000002540197c940_0, 0, 7;
    %jmp T_10.9;
T_10.2 ;
    %pushi/vec4 36, 0, 7;
    %store/vec4 v000002540197c940_0, 0, 7;
    %jmp T_10.9;
T_10.3 ;
    %pushi/vec4 48, 0, 7;
    %store/vec4 v000002540197c940_0, 0, 7;
    %jmp T_10.9;
T_10.4 ;
    %pushi/vec4 25, 0, 7;
    %store/vec4 v000002540197c940_0, 0, 7;
    %jmp T_10.9;
T_10.5 ;
    %pushi/vec4 18, 0, 7;
    %store/vec4 v000002540197c940_0, 0, 7;
    %jmp T_10.9;
T_10.6 ;
    %pushi/vec4 2, 0, 7;
    %store/vec4 v000002540197c940_0, 0, 7;
    %jmp T_10.9;
T_10.7 ;
    %pushi/vec4 120, 0, 7;
    %store/vec4 v000002540197c940_0, 0, 7;
    %jmp T_10.9;
T_10.9 ;
    %pop/vec4 1;
    %jmp T_10;
    .thread T_10, $push;
# The file index is used to find the file name in the following table.
:file_names 3;
    "N/A";
    "<interactive>";
    "ave8_E_modified.v";
