I_BT1173: LOG file is generated. (ave8.LOG.gz)
I_BT1921: License has been successfully obtained by FLEXlm.
I_BT2619: Synthesize in FPGA (cycloneV) mode.
I_BT6773: The BLIB and FLIB files are loaded.
	/proj/cad/cwb-6.1/packages/cycloneV.BLIB
	/proj/cad/cwb-6.1/packages/cycloneV.FLIB
	ave8-amacro-auto.FLIB
	ave8-auto.FLIB
I_BT4169: All signals are synthesized as ascending bit-order because all declared signals are of ascending bit-order.
I_BT4607: for loop is unrolled
	[Source Lines]
	28(../../ave8_sw.c):         for (i = 7; i > 0; i--) { 	
I_BT4619: Since the number 18000000 of statements after unrolling is large(> 512), loop cannot be unrolled.
 [Action] In the case of unrolling, specify attribute, or the option (-U# or -UN).
	[Source Lines]
	33(../../ave8_sw.c):         for(i=0; i<9000000 ; i++){
I_BT4607: for loop is unrolled
	[Source Lines]
	43(../../ave8_sw.c):       for (i= 1; i< 8; i++) { 	
I_BT4466: The sequence of the operation in unrolled loop is optimized, and number of stages of operation is reduced.
	[Source Lines]
	44(../../ave8_sw.c):             sum += buffer[i]; 	
I_BT4679: Array buffer was expanded.
W_BT8766: Removed unreferenced assignment to variable 'buffer_a07'.
 [Action] Remove the assignment.
	[Source Lines]
	16(../../ave8_sw.c): unsigned char buffer[8]  = {0, 0, 0, 0, 0, 0, 0, 0};
I_BT8371: Height of operation tree has been reduced.
	[Source Lines]
	44(../../ave8_sw.c):             sum += buffer[i]; 	
I_BT4393: No memory required. Empty memory library file (ave8-auto.MLIB) generated.
 [Action] Change type of array to 'mem' if required.
          <OR> Specify appropriate "-a*" or "-ap*" options.
I_BT4394: No memory required. Empty memory constraint file (ave8-auto.MCNT) generated.
 [Action] Change type of array to 'mem' if required.
          <OR> Specify appropriate "-a*" or "-ap*" options.
I_BT4389: Overwrite memory library file / memory constraint file.
	ave8-auto.MLIB
	ave8-auto.MCNT
I_BT4392: No arithmetic macro functional unit required.
I_BT4398: The empty FLIB file generated since additional functional units are not required.
I_BT4319: Empty FLIB file (ave8-amacro-auto.FLIB) generated. No functional units required.
 [Action] If required, confirm the description.
I_BT4318: Empty FCNT file (ave8-amacro-auto.FCNT) generated. No functional units required.
 [Action] If required, confirm the description.
I_BT4384: Overwrite functional unit library files / functional unit constraint files.
	ave8-auto.FLIB
	ave8-auto.FCNT
	ave8-amacro-auto.FLIB
	ave8-amacro-auto.FCNT
I_BT4392: No arithmetic macro functional unit required.
I_BT1190: The following ERROR/WARNING/INFO/TIPS exist.
	 1 warning      exist
	20 information  exist
	 1 tips         exist
	---> SEE ave8.err FILE and ave8.tips FILE for DETAILS
