Flow report for DE1_SoC_ADC
Thu Jul 29 14:37:23 2021
Quartus Prime Version 20.1.1 Build 720 11/11/2020 SJ Standard Edition


---------------------
; Table of Contents ;
---------------------
  1. Legal Notice
  2. Flow Summary
  3. Flow Settings
  4. Flow Non-Default Global Settings
  5. Flow Elapsed Time
  6. Flow OS Summary
  7. Flow Log
  8. Flow Messages
  9. Flow Suppressed Messages



----------------
; Legal Notice ;
----------------
Copyright (C) 2020  Intel Corporation. All rights reserved.
Your use of Intel Corporation's design tools, logic functions 
and other software and tools, and any partner logic 
functions, and any output files from any of the foregoing 
(including device programming or simulation files), and any 
associated documentation or information are expressly subject 
to the terms and conditions of the Intel Program License 
Subscription Agreement, the Intel Quartus Prime License Agreement,
the Intel FPGA IP License Agreement, or other applicable license
agreement, including, without limitation, that your use is for
the sole purpose of programming logic devices manufactured by
Intel and sold by Intel or its authorized distributors.  Please
refer to the applicable agreement for further details, at
https://fpgasoftware.intel.com/eula.



+-----------------------------------------------------------------------------------+
; Flow Summary                                                                      ;
+---------------------------------+-------------------------------------------------+
; Flow Status                     ; Successful - Thu Jul 29 14:37:07 2021           ;
; Quartus Prime Version           ; 20.1.1 Build 720 11/11/2020 SJ Standard Edition ;
; Revision Name                   ; DE1_SoC_ADC                                     ;
; Top-level Entity Name           ; DE1_SoC_ADC                                     ;
; Family                          ; Cyclone V                                       ;
; Device                          ; 5CSEMA5F31C6                                    ;
; Timing Models                   ; Final                                           ;
; Logic utilization (in ALMs)     ; 1,480 / 32,070 ( 5 % )                          ;
; Total registers                 ; 2336                                            ;
; Total pins                      ; 255 / 457 ( 56 % )                              ;
; Total virtual pins              ; 0                                               ;
; Total block memory bits         ; 1,368,384 / 4,065,280 ( 34 % )                  ;
; Total DSP Blocks                ; 3 / 87 ( 3 % )                                  ;
; Total HSSI RX PCSs              ; 0                                               ;
; Total HSSI PMA RX Deserializers ; 0                                               ;
; Total HSSI TX PCSs              ; 0                                               ;
; Total HSSI PMA TX Serializers   ; 0                                               ;
; Total PLLs                      ; 1 / 6 ( 17 % )                                  ;
; Total DLLs                      ; 0 / 4 ( 0 % )                                   ;
+---------------------------------+-------------------------------------------------+


+-----------------------------------------+
; Flow Settings                           ;
+-------------------+---------------------+
; Option            ; Setting             ;
+-------------------+---------------------+
; Start date & time ; 07/29/2021 14:34:43 ;
; Main task         ; Compilation         ;
; Revision Name     ; DE1_SoC_ADC         ;
+-------------------+---------------------+


+--------------------------------------------------------------------------------------------------------------------------------------------------+
; Flow Non-Default Global Settings                                                                                                                 ;
+-------------------------------------+----------------------------------------------------------------+---------------+--------------+------------+
; Assignment Name                     ; Value                                                          ; Default Value ; Entity Name  ; Section Id ;
+-------------------------------------+----------------------------------------------------------------+---------------+--------------+------------+
; COMPILER_SIGNATURE_ID               ; 26601939200642.162754048306860                                 ; --            ; --           ; --         ;
; MAX_CORE_JUNCTION_TEMP              ; 85                                                             ; --            ; --           ; --         ;
; MIN_CORE_JUNCTION_TEMP              ; 0                                                              ; --            ; --           ; --         ;
; MISC_FILE                           ; DE1_SoC_QSYS/synthesis/../DE1_SoC_QSYS.cmp                     ; --            ; --           ; --         ;
; MISC_FILE                           ; DE1_SoC_QSYS/synthesis/../../DE1_SoC_QSYS.qsys                 ; --            ; --           ; --         ;
; MISC_FILE                           ; ip/ADC_LTC2308_FIFO/adc_data_fifo_bb.v                         ; --            ; --           ; --         ;
; PARTITION_COLOR                     ; -- (Not supported for targeted family)                         ; --            ; --           ; Top        ;
; PARTITION_FITTER_PRESERVATION_LEVEL ; -- (Not supported for targeted family)                         ; --            ; --           ; Top        ;
; PARTITION_NETLIST_TYPE              ; -- (Not supported for targeted family)                         ; --            ; --           ; Top        ;
; POWER_BOARD_THERMAL_MODEL           ; None (CONSERVATIVE)                                            ; --            ; --           ; --         ;
; POWER_PRESET_COOLING_SOLUTION       ; 23 MM HEAT SINK WITH 200 LFPM AIRFLOW                          ; --            ; --           ; --         ;
; PROJECT_OUTPUT_DIRECTORY            ; output_files                                                   ; --            ; --           ; --         ;
; SLD_FILE                            ; DE1_SoC_QSYS/synthesis/DE1_SoC_QSYS.regmap                     ; --            ; --           ; --         ;
; SLD_FILE                            ; DE1_SoC_QSYS/synthesis/DE1_SoC_QSYS.debuginfo                  ; --            ; --           ; --         ;
; SLD_INFO                            ; QSYS_NAME DE1_SoC_QSYS HAS_SOPCINFO 1 GENERATION_ID 1627540084 ; --            ; DE1_SoC_QSYS ; --         ;
; SOPCINFO_FILE                       ; DE1_SoC_QSYS/synthesis/../../DE1_SoC_QSYS.sopcinfo             ; --            ; --           ; --         ;
; SYNTHESIS_ONLY_QIP                  ; On                                                             ; --            ; --           ; --         ;
+-------------------------------------+----------------------------------------------------------------+---------------+--------------+------------+


+--------------------------------------------------------------------------------------------------------------------------+
; Flow Elapsed Time                                                                                                        ;
+----------------------+--------------+-------------------------+---------------------+------------------------------------+
; Module Name          ; Elapsed Time ; Average Processors Used ; Peak Virtual Memory ; Total CPU Time (on all processors) ;
+----------------------+--------------+-------------------------+---------------------+------------------------------------+
; Analysis & Synthesis ; 00:00:32     ; 1.0                     ; 5037 MB             ; 00:00:44                           ;
; Fitter               ; 00:01:37     ; 1.2                     ; 6784 MB             ; 00:03:22                           ;
; Assembler            ; 00:00:09     ; 1.0                     ; 4913 MB             ; 00:00:09                           ;
; Timing Analyzer      ; 00:00:15     ; 1.9                     ; 5301 MB             ; 00:00:26                           ;
; Total                ; 00:02:33     ; --                      ; --                  ; 00:04:41                           ;
+----------------------+--------------+-------------------------+---------------------+------------------------------------+


+------------------------------------------------------------------------------------+
; Flow OS Summary                                                                    ;
+----------------------+------------------+------------+------------+----------------+
; Module Name          ; Machine Hostname ; OS Name    ; OS Version ; Processor type ;
+----------------------+------------------+------------+------------+----------------+
; Analysis & Synthesis ; DESKTOP-OG5CHU3  ; Windows 10 ; 10.0       ; x86_64         ;
; Fitter               ; DESKTOP-OG5CHU3  ; Windows 10 ; 10.0       ; x86_64         ;
; Assembler            ; DESKTOP-OG5CHU3  ; Windows 10 ; 10.0       ; x86_64         ;
; Timing Analyzer      ; DESKTOP-OG5CHU3  ; Windows 10 ; 10.0       ; x86_64         ;
+----------------------+------------------+------------+------------+----------------+


------------
; Flow Log ;
------------
quartus_map --read_settings_files=on --write_settings_files=off DE1_SoC_ADC -c DE1_SoC_ADC
quartus_fit --read_settings_files=off --write_settings_files=off DE1_SoC_ADC -c DE1_SoC_ADC
quartus_asm --read_settings_files=off --write_settings_files=off DE1_SoC_ADC -c DE1_SoC_ADC
quartus_sta DE1_SoC_ADC -c DE1_SoC_ADC



