I_BT1173: LOG file is generated. (sobel.LOG.gz)
I_BT1921: License has been successfully obtained by FLEXlm.
I_BT2619: Synthesize in FPGA (cycloneV) mode.
I_BT6773: The BLIB and FLIB files are loaded.
	/home/010/s/sx/sxc210186/Reconfig/Project_7.1/part2/part2 source_sobel_exploration/cycloneV.BLIB
	/home/010/s/sx/sxc210186/Reconfig/Project_7.1/part2/part2 source_sobel_exploration/cycloneV.FLIB
	sobel-auto.FLIB
	sobel-amacro-auto.FLIB
I_BT4169: All signals are synthesized as ascending bit-order because all declared signals are of ascending bit-order.
I_BT4607: for loop is unrolled
	[Source Lines]
	57(../../sobel.c):      for(X=0;X< 3;X++){
I_BT4607: for loop is unrolled
	[Source Lines]
	56(../../sobel.c):    for(Y=2;Y>0;Y--){
I_BT4607: for loop is unrolled
	[Source Lines]
	63(../../sobel.c):        for(X=0; X<SIZE_BUFFER; X++)
I_BT4607: for loop is unrolled
	[Source Lines]
	76(../../sobel.c):      for(colOffset = -1; colOffset <=1; colOffset++){
I_BT4466: The sequence of the operation in unrolled loop is optimized, and number of stages of operation is reduced.
	[Source Lines]
	77(../../sobel.c):        sumX = sumX + line_buffer[1 +rowOffset][1-colOffset] * Gx[1+rowOffset][1+colOffset];
I_BT4466: The sequence of the operation in unrolled loop is optimized, and number of stages of operation is reduced.
	[Source Lines]
	78(../../sobel.c):        sumY = sumY + line_buffer[1 +rowOffset][1-colOffset] * Gy[1+rowOffset][1+colOffset];
I_BT4442: Array signal Gy is expanded at dimension #1 from right.
	[Source Lines]
	50(../../sobel.c):   char Gy[3][3] /* ATTR3 */={{1, 2, 1},
I_BT4442: Array signal Gx is expanded at dimension #1 from right.
	[Source Lines]
	45(../../sobel.c):   char Gx[3][3] /* ATTR2 */  ={{1 ,0 ,-1},
I_BT4442: Array signal line_buffer is expanded at dimension #1 from right.
	[Source Lines]
	29(../../sobel.c): unsigned char line_buffer[SIZE_BUFFER][SIZE_BUFFER];
I_BT5035: Unspecified information (e.g. AREA/DELAY/NET) of combinational array (Gy_a_0) in FCNT file estimated from basic library file (/home/010/s/sx/sxc210186/Reconfig/Project_7.1/part2/part2 source_sobel_exploration/cycloneV.BLIB).
I_BT4121: Array Gy_a_0 is synthesized as a combinational circuit.
I_BT5035: Unspecified information (e.g. AREA/DELAY/NET) of combinational array (Gy_a_1) in FCNT file estimated from basic library file (/home/010/s/sx/sxc210186/Reconfig/Project_7.1/part2/part2 source_sobel_exploration/cycloneV.BLIB).
I_BT4121: Array Gy_a_1 is synthesized as a combinational circuit.
I_BT5035: Unspecified information (e.g. AREA/DELAY/NET) of combinational array (Gy_a_2) in FCNT file estimated from basic library file (/home/010/s/sx/sxc210186/Reconfig/Project_7.1/part2/part2 source_sobel_exploration/cycloneV.BLIB).
I_BT4121: Array Gy_a_2 is synthesized as a combinational circuit.
I_BT5035: Unspecified information (e.g. AREA/DELAY/NET) of combinational array (Gx_a_0) in FCNT file estimated from basic library file (/home/010/s/sx/sxc210186/Reconfig/Project_7.1/part2/part2 source_sobel_exploration/cycloneV.BLIB).
I_BT4121: Array Gx_a_0 is synthesized as a combinational circuit.
I_BT5047: Array reference Gx_a_1 replaced by constant because constant array is initialized with same values.
I_BT5035: Unspecified information (e.g. AREA/DELAY/NET) of combinational array (Gx_a_2) in FCNT file estimated from basic library file (/home/010/s/sx/sxc210186/Reconfig/Project_7.1/part2/part2 source_sobel_exploration/cycloneV.BLIB).
I_BT4121: Array Gx_a_2 is synthesized as a combinational circuit.
W_BT4127: Change the physical type of signal(input_row) to var.
I_BT4679: Array input_row was expanded.
I_BT4679: Array VR_input_row was expanded.
I_BT8371: Height of operation tree has been reduced.
	[Source Lines]
	45(../../sobel.c):   char Gx[3][3] /* ATTR2 */  ={{1 ,0 ,-1},
	77(../../sobel.c):        sumX = sumX + line_buffer[1 +rowOffset][1-colOffset] * Gx[1+rowOffset][1+colOffset];
I_BT8371: Height of operation tree has been reduced.
	[Source Lines]
	78(../../sobel.c):        sumY = sumY + line_buffer[1 +rowOffset][1-colOffset] * Gy[1+rowOffset][1+colOffset];
I_BT4393: No memory required. Empty memory library file (sobel-auto.MLIB) generated.
 [Action] Change type of array to 'mem' if required.
          <OR> Specify appropriate "-a*" or "-ap*" options.
I_BT4394: No memory required. Empty memory constraint file (sobel-auto.MCNT) generated.
 [Action] Change type of array to 'mem' if required.
          <OR> Specify appropriate "-a*" or "-ap*" options.
I_BT4389: Overwrite memory library file / memory constraint file.
	sobel-auto.MLIB
	sobel-auto.MCNT
I_BT4395: 12 functional units templates are generated.
I_BT4392: No arithmetic macro functional unit required.
I_BT4319: Empty FLIB file (sobel-amacro-auto.FLIB) generated. No functional units required.
 [Action] If required, confirm the description.
I_BT4318: Empty FCNT file (sobel-amacro-auto.FCNT) generated. No functional units required.
 [Action] If required, confirm the description.
I_BT4384: Overwrite functional unit library files / functional unit constraint files.
	sobel-auto.FLIB
	sobel-auto.FCNT
	sobel-amacro-auto.FLIB
	sobel-amacro-auto.FCNT
I_BT4392: No arithmetic macro functional unit required.
I_BT1190: The following ERROR/WARNING/INFO/TIPS exist.
	 1 warning      exist
	38 information  exist
	 2 tips         exist
	---> SEE sobel.err FILE and sobel.tips FILE for DETAILS
