#! /c/Source/iverilog-install/bin/vvp
:ivl_version "12.0 (devel)" "(s20150603-1539-g2693dd32b)";
:ivl_delay_selection "TYPICAL";
:vpi_time_precision - 12;
:vpi_module "C:\iverilog\lib\ivl\system.vpi";
:vpi_module "C:\iverilog\lib\ivl\vhdl_sys.vpi";
:vpi_module "C:\iverilog\lib\ivl\vhdl_textio.vpi";
:vpi_module "C:\iverilog\lib\ivl\v2005_math.vpi";
:vpi_module "C:\iverilog\lib\ivl\va_math.vpi";
S_000001cc251e89f0 .scope module, "fulladder_vlg_tst" "fulladder_vlg_tst" 2 29;
 .timescale -12 -12;
v000001cc251ad140_0 .var "A", 0 0;
v000001cc251ad1e0_0 .var "B", 0 0;
v000001cc251f4c00_0 .var "Cin", 0 0;
v000001cc251f4ca0_0 .net "Cout", 0 0, L_000001cc252438f0;  1 drivers
v000001cc252414e0_0 .net "S", 0 0, L_000001cc251f9aa0;  1 drivers
v000001cc25241080_0 .var "clk", 0 0;
S_000001cc251ace70 .scope module, "i1" "fulladder" 2 42, 3 20 0, S_000001cc251e89f0;
 .timescale 0 0;
    .port_info 0 /INPUT 1 "A";
    .port_info 1 /INPUT 1 "B";
    .port_info 2 /INPUT 1 "Cin";
    .port_info 3 /OUTPUT 1 "S";
    .port_info 4 /OUTPUT 1 "Cout";
L_000001cc251f9a30 .functor XOR 1, v000001cc251ad140_0, v000001cc251ad1e0_0, C4<0>, C4<0>;
L_000001cc251f9aa0 .functor XOR 1, L_000001cc251f9a30, v000001cc251f4c00_0, C4<0>, C4<0>;
L_000001cc251f9b10 .functor AND 1, v000001cc251ad140_0, v000001cc251ad140_0, C4<1>, C4<1>;
L_000001cc251f9b80 .functor AND 1, L_000001cc251f9a30, v000001cc251f4c00_0, C4<1>, C4<1>;
L_000001cc252438f0 .functor OR 1, L_000001cc251f9b10, L_000001cc251f9b80, C4<0>, C4<0>;
v000001cc251e8b80_0 .net "A", 0 0, v000001cc251ad140_0;  1 drivers
v000001cc251c3120_0 .net "B", 0 0, v000001cc251ad1e0_0;  1 drivers
v000001cc251aace0_0 .net "Cin", 0 0, v000001cc251f4c00_0;  1 drivers
v000001cc251aab20_0 .net "Cout", 0 0, L_000001cc252438f0;  alias, 1 drivers
v000001cc251abcf0_0 .net "S", 0 0, L_000001cc251f9aa0;  alias, 1 drivers
v000001cc251abd90_0 .net "SYNTHESIZED_WIRE_2", 0 0, L_000001cc251f9b10;  1 drivers
v000001cc251ad000_0 .net "SYNTHESIZED_WIRE_3", 0 0, L_000001cc251f9b80;  1 drivers
v000001cc251ad0a0_0 .net "SYNTHESIZED_WIRE_4", 0 0, L_000001cc251f9a30;  1 drivers
    .scope S_000001cc251e89f0;
T_0 ;
    %pushi/vec4 0, 0, 1;
    %store/vec4 v000001cc25241080_0, 0, 1;
    %end;
    .thread T_0;
    .scope S_000001cc251e89f0;
T_1 ;
    %delay 5, 0;
    %load/vec4 v000001cc25241080_0;
    %inv;
    %store/vec4 v000001cc25241080_0, 0, 1;
    %jmp T_1;
    .thread T_1;
    .scope S_000001cc251e89f0;
T_2 ;
    %vpi_call 2 55 "$display", "Time=%0t A=%b B=%b Cin=%b S=%b Cout=%b", $time, v000001cc251ad140_0, v000001cc251ad1e0_0, v000001cc251f4c00_0, v000001cc252414e0_0, v000001cc251f4ca0_0 {0 0 0};
    %pushi/vec4 0, 0, 1;
    %store/vec4 v000001cc251ad140_0, 0, 1;
    %pushi/vec4 0, 0, 1;
    %store/vec4 v000001cc251ad1e0_0, 0, 1;
    %pushi/vec4 0, 0, 1;
    %store/vec4 v000001cc251f4c00_0, 0, 1;
    %delay 10, 0;
    %vpi_call 2 58 "$display", "Time=%0t A=%b B=%b Cin=%b S=%b Cout=%b", $time, v000001cc251ad140_0, v000001cc251ad1e0_0, v000001cc251f4c00_0, v000001cc252414e0_0, v000001cc251f4ca0_0 {0 0 0};
    %pushi/vec4 0, 0, 1;
    %store/vec4 v000001cc251ad140_0, 0, 1;
    %pushi/vec4 0, 0, 1;
    %store/vec4 v000001cc251ad1e0_0, 0, 1;
    %pushi/vec4 1, 0, 1;
    %store/vec4 v000001cc251f4c00_0, 0, 1;
    %delay 10, 0;
    %pushi/vec4 0, 0, 1;
    %store/vec4 v000001cc251ad140_0, 0, 1;
    %pushi/vec4 1, 0, 1;
    %store/vec4 v000001cc251ad1e0_0, 0, 1;
    %pushi/vec4 0, 0, 1;
    %store/vec4 v000001cc251f4c00_0, 0, 1;
    %delay 10, 0;
    %pushi/vec4 0, 0, 1;
    %store/vec4 v000001cc251ad140_0, 0, 1;
    %pushi/vec4 1, 0, 1;
    %store/vec4 v000001cc251ad1e0_0, 0, 1;
    %pushi/vec4 1, 0, 1;
    %store/vec4 v000001cc251f4c00_0, 0, 1;
    %delay 10, 0;
    %pushi/vec4 1, 0, 1;
    %store/vec4 v000001cc251ad140_0, 0, 1;
    %pushi/vec4 0, 0, 1;
    %store/vec4 v000001cc251ad1e0_0, 0, 1;
    %pushi/vec4 0, 0, 1;
    %store/vec4 v000001cc251f4c00_0, 0, 1;
    %delay 10, 0;
    %pushi/vec4 1, 0, 1;
    %store/vec4 v000001cc251ad140_0, 0, 1;
    %pushi/vec4 0, 0, 1;
    %store/vec4 v000001cc251ad1e0_0, 0, 1;
    %pushi/vec4 1, 0, 1;
    %store/vec4 v000001cc251f4c00_0, 0, 1;
    %delay 10, 0;
    %pushi/vec4 1, 0, 1;
    %store/vec4 v000001cc251ad140_0, 0, 1;
    %pushi/vec4 1, 0, 1;
    %store/vec4 v000001cc251ad1e0_0, 0, 1;
    %pushi/vec4 0, 0, 1;
    %store/vec4 v000001cc251f4c00_0, 0, 1;
    %delay 10, 0;
    %pushi/vec4 1, 0, 1;
    %store/vec4 v000001cc251ad140_0, 0, 1;
    %pushi/vec4 1, 0, 1;
    %store/vec4 v000001cc251ad1e0_0, 0, 1;
    %pushi/vec4 1, 0, 1;
    %store/vec4 v000001cc251f4c00_0, 0, 1;
    %delay 10, 0;
    %vpi_call 2 73 "$display", "Time=%0t A=%b B=%b Cin=%b S=%b Cout=%b", $time, v000001cc251ad140_0, v000001cc251ad1e0_0, v000001cc251f4c00_0, v000001cc252414e0_0, v000001cc251f4ca0_0 {0 0 0};
    %vpi_call 2 74 "$finish" {0 0 0};
    %vpi_call 2 76 "$display", "Running testbench" {0 0 0};
    %end;
    .thread T_2;
# The file index is used to find the file name in the following table.
:file_names 4;
    "N/A";
    "<interactive>";
    "fulladder_tb.v";
    "./fulladder.v";
