Flow report for sobel_E
Tue Oct 31 16:52:40 2023
Quartus Prime Version 22.1std.2 Build 922 07/20/2023 SC Lite Edition


---------------------
; Table of Contents ;
---------------------
  1. Legal Notice
  2. Flow Summary
  3. Flow Settings
  4. Flow Non-Default Global Settings
  5. Flow Elapsed Time
  6. Flow OS Summary
  7. Flow Log
  8. Flow Messages
  9. Flow Suppressed Messages



----------------
; Legal Notice ;
----------------
Copyright (C) 2023  Intel Corporation. All rights reserved.
Your use of Intel Corporation's design tools, logic functions 
and other software and tools, and any partner logic 
functions, and any output files from any of the foregoing 
(including device programming or simulation files), and any 
associated documentation or information are expressly subject 
to the terms and conditions of the Intel Program License 
Subscription Agreement, the Intel Quartus Prime License Agreement,
the Intel FPGA IP License Agreement, or other applicable license
agreement, including, without limitation, that your use is for
the sole purpose of programming logic devices manufactured by
Intel and sold by Intel or its authorized distributors.  Please
refer to the applicable agreement for further details, at
https://fpgasoftware.intel.com/eula.



+----------------------------------------------------------------------------------+
; Flow Summary                                                                     ;
+---------------------------------+------------------------------------------------+
; Flow Status                     ; Successful - Tue Oct 31 16:52:34 2023          ;
; Quartus Prime Version           ; 22.1std.2 Build 922 07/20/2023 SC Lite Edition ;
; Revision Name                   ; sobel_E                                        ;
; Top-level Entity Name           ; sobel                                          ;
; Family                          ; Cyclone V                                      ;
; Device                          ; 5CSEMA5F31C6                                   ;
; Timing Models                   ; Final                                          ;
; Logic utilization (in ALMs)     ; 64 / 32,070 ( < 1 % )                          ;
; Total registers                 ; 32                                             ;
; Total pins                      ; 34 / 457 ( 7 % )                               ;
; Total virtual pins              ; 0                                              ;
; Total block memory bits         ; 0 / 4,065,280 ( 0 % )                          ;
; Total DSP Blocks                ; 0 / 87 ( 0 % )                                 ;
; Total HSSI RX PCSs              ; 0                                              ;
; Total HSSI PMA RX Deserializers ; 0                                              ;
; Total HSSI TX PCSs              ; 0                                              ;
; Total HSSI PMA TX Serializers   ; 0                                              ;
; Total PLLs                      ; 0 / 6 ( 0 % )                                  ;
; Total DLLs                      ; 0 / 4 ( 0 % )                                  ;
+---------------------------------+------------------------------------------------+


+-----------------------------------------+
; Flow Settings                           ;
+-------------------+---------------------+
; Option            ; Setting             ;
+-------------------+---------------------+
; Start date & time ; 10/31/2023 16:51:46 ;
; Main task         ; Compilation         ;
; Revision Name     ; sobel_E             ;
+-------------------+---------------------+


+-------------------------------------------------------------------------------------------------------------------------+
; Flow Non-Default Global Settings                                                                                        ;
+-------------------------------------+----------------------------------------+---------------+-------------+------------+
; Assignment Name                     ; Value                                  ; Default Value ; Entity Name ; Section Id ;
+-------------------------------------+----------------------------------------+---------------+-------------+------------+
; COMPILER_SIGNATURE_ID               ; 193677941561688.169878910605951        ; --            ; --          ; --         ;
; PARTITION_COLOR                     ; -- (Not supported for targeted family) ; --            ; sobel       ; Top        ;
; PARTITION_FITTER_PRESERVATION_LEVEL ; -- (Not supported for targeted family) ; --            ; sobel       ; Top        ;
; PARTITION_NETLIST_TYPE              ; -- (Not supported for targeted family) ; --            ; sobel       ; Top        ;
; TOP_LEVEL_ENTITY                    ; sobel                                  ; sobel_E       ; --          ; --         ;
+-------------------------------------+----------------------------------------+---------------+-------------+------------+


+--------------------------------------------------------------------------------------------------------------------------+
; Flow Elapsed Time                                                                                                        ;
+----------------------+--------------+-------------------------+---------------------+------------------------------------+
; Module Name          ; Elapsed Time ; Average Processors Used ; Peak Virtual Memory ; Total CPU Time (on all processors) ;
+----------------------+--------------+-------------------------+---------------------+------------------------------------+
; Analysis & Synthesis ; 00:00:08     ; 1.0                     ; 681 MB              ; 00:00:17                           ;
; Fitter               ; 00:00:30     ; 1.0                     ; 2942 MB             ; 00:02:04                           ;
; Assembler            ; 00:00:07     ; 1.0                     ; 647 MB              ; 00:00:06                           ;
; Timing Analyzer      ; 00:00:05     ; 1.2                     ; 1089 MB             ; 00:00:05                           ;
; Total                ; 00:00:50     ; --                      ; --                  ; 00:02:32                           ;
+----------------------+--------------+-------------------------+---------------------+------------------------------------+


+--------------------------------------------------------------------------------------+
; Flow OS Summary                                                                      ;
+----------------------+-----------------------+---------+------------+----------------+
; Module Name          ; Machine Hostname      ; OS Name ; OS Version ; Processor type ;
+----------------------+-----------------------+---------+------------+----------------+
; Analysis & Synthesis ; engnx03a.utdallas.edu ; Red Hat ; Red Hat    ; x86_64         ;
; Fitter               ; engnx03a.utdallas.edu ; Red Hat ; Red Hat    ; x86_64         ;
; Assembler            ; engnx03a.utdallas.edu ; Red Hat ; Red Hat    ; x86_64         ;
; Timing Analyzer      ; engnx03a.utdallas.edu ; Red Hat ; Red Hat    ; x86_64         ;
+----------------------+-----------------------+---------+------------+----------------+


------------
; Flow Log ;
------------
quartus_map --read_settings_files=on --write_settings_files=off sobel_E -c sobel_E
quartus_fit --read_settings_files=off --write_settings_files=off sobel_E -c sobel_E
quartus_asm --read_settings_files=off --write_settings_files=off sobel_E -c sobel_E
quartus_sta sobel_E -c sobel_E



