I_BT1173: LOG file is generated. (sobel.LOG.gz)
I_BT1921: License has been successfully obtained by FLEXlm.
I_BT2619: Synthesize in FPGA (cycloneV) mode.
I_BT6773: The BLIB and FLIB files are loaded.
	/proj/cad/cwb-6.1/packages/cycloneV.BLIB
	/proj/cad/cwb-6.1/packages/cycloneV.FLIB
I_BT4146: All signals are synthesized as descending bit-order because all declared signals are of descending bit-order.
I_BT4607: for loop is unrolled
	[Source Lines]
	56(../../sobel.c):      for(X=0;X< 3;X++){
I_BT4607: for loop is unrolled
	[Source Lines]
	55(../../sobel.c):    for(Y=2;Y>0;Y--){
I_BT4607: for loop is unrolled
	[Source Lines]
	62(../../sobel.c):        for(X=0; X<SIZE_BUFFER; X++)
I_BT4607: for loop is unrolled
	[Source Lines]
	73(../../sobel.c):      for(colOffset = -1; colOffset <=1; colOffset++){
I_BT4466: The sequence of the operation in unrolled loop is optimized, and number of stages of operation is reduced.
	[Source Lines]
	74(../../sobel.c):        sumX = sumX + line_buffer[1 +rowOffset][1-colOffset] * Gx[1+rowOffset][1+colOffset];
I_BT4466: The sequence of the operation in unrolled loop is optimized, and number of stages of operation is reduced.
	[Source Lines]
	75(../../sobel.c):        sumY = sumY + line_buffer[1 +rowOffset][1-colOffset] * Gy[1+rowOffset][1+colOffset];
I_BT4607: for loop is unrolled
	[Source Lines]
	72(../../sobel.c):    for(rowOffset = -1; rowOffset <= 1; rowOffset++){
I_BT4466: The sequence of the operation in unrolled loop is optimized, and number of stages of operation is reduced.
	[Source Lines]
	74(../../sobel.c):        sumX = sumX + line_buffer[1 +rowOffset][1-colOffset] * Gx[1+rowOffset][1+colOffset];
I_BT4466: The sequence of the operation in unrolled loop is optimized, and number of stages of operation is reduced.
	[Source Lines]
	75(../../sobel.c):        sumY = sumY + line_buffer[1 +rowOffset][1-colOffset] * Gy[1+rowOffset][1+colOffset];
I_BT4442: Array signal line_buffer is expanded at dimension #2 from right.
	[Source Lines]
	28(../../sobel.c): unsigned char line_buffer[SIZE_BUFFER][SIZE_BUFFER];
I_BT4442: Array signal Gy is expanded at dimension #2 from right.
	[Source Lines]
	49(../../sobel.c):   char Gy[3][3] ={{1, 2, 1},
I_BT4442: Array signal Gx is expanded at dimension #2 from right.
	[Source Lines]
	44(../../sobel.c):   char Gx[3][3] ={{1 ,0 ,-1},
W_BT4127: Change the physical type of signal(input_row) to var.
I_BT4679: Array input_row was expanded.
I_BT4679: Array VR_input_row was expanded.
I_BT4679: Array line_buffer_0_a was expanded.
I_BT4679: Array line_buffer_1_a was expanded.
I_BT4679: Array line_buffer_2_a was expanded.
I_BT8371: Height of operation tree has been reduced.
	[Source Lines]
	75(../../sobel.c):        sumY = sumY + line_buffer[1 +rowOffset][1-colOffset] * Gy[1+rowOffset][1+colOffset];
I_BT8371: Height of operation tree has been reduced.
	[Source Lines]
	74(../../sobel.c):        sumX = sumX + line_buffer[1 +rowOffset][1-colOffset] * Gx[1+rowOffset][1+colOffset];
I_BT4393: No memory required. Empty memory library file (sobel-auto.MLIB) generated.
 [Action] Change type of array to 'mem' if required.
          <OR> Specify appropriate "-a*" or "-ap*" options.
I_BT4394: No memory required. Empty memory constraint file (sobel-auto.MCNT) generated.
 [Action] Change type of array to 'mem' if required.
          <OR> Specify appropriate "-a*" or "-ap*" options.
I_BT4383: Generate memory library file / memory constraint file.
	sobel-auto.MLIB
	sobel-auto.MCNT
I_BT4392: No arithmetic macro functional unit required.
I_BT4398: The empty FLIB file generated since additional functional units are not required.
I_BT4319: Empty FLIB file (sobel-amacro-auto.FLIB) generated. No functional units required.
 [Action] If required, confirm the description.
I_BT4318: Empty FCNT file (sobel-amacro-auto.FCNT) generated. No functional units required.
 [Action] If required, confirm the description.
I_BT4382: Generate functional unit library files / functional unit constraint files.
	sobel-auto.FLIB
	sobel-auto.FCNT
	sobel-amacro-auto.FLIB
	sobel-amacro-auto.FCNT
I_BT4392: No arithmetic macro functional unit required.
I_BT1190: The following ERROR/WARNING/INFO/TIPS exist.
	 1 warning      exist
	33 information  exist
	 1 tips         exist
	---> SEE sobel.err FILE and sobel.tips FILE for DETAILS
