Analysis & Synthesis report for ave8_E
Sun Oct 29 23:27:59 2023
Quartus Prime Version 22.1std.2 Build 922 07/20/2023 SC Lite Edition


---------------------
; Table of Contents ;
---------------------
  1. Legal Notice
  2. Analysis & Synthesis Summary
  3. Analysis & Synthesis Settings
  4. Parallel Compilation
  5. Analysis & Synthesis Source Files Read
  6. Analysis & Synthesis Resource Usage Summary
  7. Analysis & Synthesis Resource Utilization by Entity
  8. Registers Removed During Synthesis
  9. Removed Registers Triggering Further Register Optimizations
 10. General Register Statistics
 11. Post-Synthesis Netlist Statistics for Top Partition
 12. Elapsed Time Per Partition
 13. Analysis & Synthesis Messages
 14. Analysis & Synthesis Suppressed Messages



----------------
; Legal Notice ;
----------------
Copyright (C) 2023  Intel Corporation. All rights reserved.
Your use of Intel Corporation's design tools, logic functions 
and other software and tools, and any partner logic 
functions, and any output files from any of the foregoing 
(including device programming or simulation files), and any 
associated documentation or information are expressly subject 
to the terms and conditions of the Intel Program License 
Subscription Agreement, the Intel Quartus Prime License Agreement,
the Intel FPGA IP License Agreement, or other applicable license
agreement, including, without limitation, that your use is for
the sole purpose of programming logic devices manufactured by
Intel and sold by Intel or its authorized distributors.  Please
refer to the applicable agreement for further details, at
https://fpgasoftware.intel.com/eula.



+----------------------------------------------------------------------------------+
; Analysis & Synthesis Summary                                                     ;
+---------------------------------+------------------------------------------------+
; Analysis & Synthesis Status     ; Successful - Sun Oct 29 23:27:59 2023          ;
; Quartus Prime Version           ; 22.1std.2 Build 922 07/20/2023 SC Lite Edition ;
; Revision Name                   ; ave8_E                                         ;
; Top-level Entity Name           ; ave8                                           ;
; Family                          ; Cyclone V                                      ;
; Logic utilization (in ALMs)     ; N/A                                            ;
; Total registers                 ; 0                                              ;
; Total pins                      ; 32                                             ;
; Total virtual pins              ; 0                                              ;
; Total block memory bits         ; 0                                              ;
; Total DSP Blocks                ; 0                                              ;
; Total HSSI RX PCSs              ; 0                                              ;
; Total HSSI PMA RX Deserializers ; 0                                              ;
; Total HSSI TX PCSs              ; 0                                              ;
; Total HSSI PMA TX Serializers   ; 0                                              ;
; Total PLLs                      ; 0                                              ;
; Total DLLs                      ; 0                                              ;
+---------------------------------+------------------------------------------------+


+---------------------------------------------------------------------------------------------------------------------------+
; Analysis & Synthesis Settings                                                                                             ;
+---------------------------------------------------------------------------------+--------------------+--------------------+
; Option                                                                          ; Setting            ; Default Value      ;
+---------------------------------------------------------------------------------+--------------------+--------------------+
; Device                                                                          ; 5CSEMA5F31C6       ;                    ;
; Top-level entity name                                                           ; ave8               ; ave8_E             ;
; Family name                                                                     ; cycloneV           ; Cyclone V          ;
; Use smart compilation                                                           ; Off                ; Off                ;
; Enable parallel Assembler and Timing Analyzer during compilation                ; On                 ; On                 ;
; Enable compact report table                                                     ; Off                ; Off                ;
; Restructure Multiplexers                                                        ; Auto               ; Auto               ;
; MLAB Add Timing Constraints For Mixed-Port Feed-Through Mode Setting Don't Care ; Off                ; Off                ;
; Create Debugging Nodes for IP Cores                                             ; Off                ; Off                ;
; Preserve fewer node names                                                       ; On                 ; On                 ;
; Intel FPGA IP Evaluation Mode                                                   ; Enable             ; Enable             ;
; Verilog Version                                                                 ; Verilog_2001       ; Verilog_2001       ;
; VHDL Version                                                                    ; VHDL_1993          ; VHDL_1993          ;
; State Machine Processing                                                        ; Auto               ; Auto               ;
; Safe State Machine                                                              ; Off                ; Off                ;
; Extract Verilog State Machines                                                  ; On                 ; On                 ;
; Extract VHDL State Machines                                                     ; On                 ; On                 ;
; Ignore Verilog initial constructs                                               ; Off                ; Off                ;
; Iteration limit for constant Verilog loops                                      ; 5000               ; 5000               ;
; Iteration limit for non-constant Verilog loops                                  ; 250                ; 250                ;
; Add Pass-Through Logic to Inferred RAMs                                         ; On                 ; On                 ;
; Infer RAMs from Raw Logic                                                       ; On                 ; On                 ;
; Parallel Synthesis                                                              ; On                 ; On                 ;
; DSP Block Balancing                                                             ; Auto               ; Auto               ;
; NOT Gate Push-Back                                                              ; On                 ; On                 ;
; Power-Up Don't Care                                                             ; On                 ; On                 ;
; Remove Redundant Logic Cells                                                    ; Off                ; Off                ;
; Remove Duplicate Registers                                                      ; On                 ; On                 ;
; Ignore CARRY Buffers                                                            ; Off                ; Off                ;
; Ignore CASCADE Buffers                                                          ; Off                ; Off                ;
; Ignore GLOBAL Buffers                                                           ; Off                ; Off                ;
; Ignore ROW GLOBAL Buffers                                                       ; Off                ; Off                ;
; Ignore LCELL Buffers                                                            ; Off                ; Off                ;
; Ignore SOFT Buffers                                                             ; On                 ; On                 ;
; Limit AHDL Integers to 32 Bits                                                  ; Off                ; Off                ;
; Optimization Technique                                                          ; Balanced           ; Balanced           ;
; Carry Chain Length                                                              ; 70                 ; 70                 ;
; Auto Carry Chains                                                               ; On                 ; On                 ;
; Auto Open-Drain Pins                                                            ; On                 ; On                 ;
; Perform WYSIWYG Primitive Resynthesis                                           ; Off                ; Off                ;
; Auto ROM Replacement                                                            ; On                 ; On                 ;
; Auto RAM Replacement                                                            ; On                 ; On                 ;
; Auto DSP Block Replacement                                                      ; On                 ; On                 ;
; Auto Shift Register Replacement                                                 ; Auto               ; Auto               ;
; Allow Shift Register Merging across Hierarchies                                 ; Auto               ; Auto               ;
; Auto Clock Enable Replacement                                                   ; On                 ; On                 ;
; Strict RAM Replacement                                                          ; Off                ; Off                ;
; Allow Synchronous Control Signals                                               ; On                 ; On                 ;
; Force Use of Synchronous Clear Signals                                          ; Off                ; Off                ;
; Auto Resource Sharing                                                           ; Off                ; Off                ;
; Allow Any RAM Size For Recognition                                              ; Off                ; Off                ;
; Allow Any ROM Size For Recognition                                              ; Off                ; Off                ;
; Allow Any Shift Register Size For Recognition                                   ; Off                ; Off                ;
; Use LogicLock Constraints during Resource Balancing                             ; On                 ; On                 ;
; Ignore translate_off and synthesis_off directives                               ; Off                ; Off                ;
; Timing-Driven Synthesis                                                         ; On                 ; On                 ;
; Report Parameter Settings                                                       ; On                 ; On                 ;
; Report Source Assignments                                                       ; On                 ; On                 ;
; Report Connectivity Checks                                                      ; On                 ; On                 ;
; Ignore Maximum Fan-Out Assignments                                              ; Off                ; Off                ;
; Synchronization Register Chain Length                                           ; 3                  ; 3                  ;
; Power Optimization During Synthesis                                             ; Normal compilation ; Normal compilation ;
; HDL message level                                                               ; Level2             ; Level2             ;
; Suppress Register Optimization Related Messages                                 ; Off                ; Off                ;
; Number of Removed Registers Reported in Synthesis Report                        ; 5000               ; 5000               ;
; Number of Swept Nodes Reported in Synthesis Report                              ; 5000               ; 5000               ;
; Number of Inverted Registers Reported in Synthesis Report                       ; 100                ; 100                ;
; Clock MUX Protection                                                            ; On                 ; On                 ;
; Auto Gated Clock Conversion                                                     ; Off                ; Off                ;
; Block Design Naming                                                             ; Auto               ; Auto               ;
; SDC constraint protection                                                       ; Off                ; Off                ;
; Synthesis Effort                                                                ; Auto               ; Auto               ;
; Shift Register Replacement - Allow Asynchronous Clear Signal                    ; On                 ; On                 ;
; Pre-Mapping Resynthesis Optimization                                            ; Off                ; Off                ;
; Analysis & Synthesis Message Level                                              ; Medium             ; Medium             ;
; Disable Register Merging Across Hierarchies                                     ; Auto               ; Auto               ;
; Resource Aware Inference For Block RAM                                          ; On                 ; On                 ;
; Automatic Parallel Synthesis                                                    ; On                 ; On                 ;
; Partial Reconfiguration Bitstream ID                                            ; Off                ; Off                ;
+---------------------------------------------------------------------------------+--------------------+--------------------+


+------------------------------------------+
; Parallel Compilation                     ;
+----------------------------+-------------+
; Processors                 ; Number      ;
+----------------------------+-------------+
; Number detected on machine ; 8           ;
; Maximum allowed            ; 4           ;
;                            ;             ;
; Average used               ; 1.00        ;
; Maximum used               ; 1           ;
;                            ;             ;
; Usage by Processor         ; % Time Used ;
;     Processor 1            ; 100.0%      ;
+----------------------------+-------------+


+-----------------------------------------------------------------------------------------------------------------------------------------------------------------------------------------------+
; Analysis & Synthesis Source Files Read                                                                                                                                                        ;
+----------------------------------+-----------------+------------------------+-------------------------------------------------------------------------------------------------------+---------+
; File Name with User-Entered Path ; Used in Netlist ; File Type              ; File Name with Absolute Path                                                                          ; Library ;
+----------------------------------+-----------------+------------------------+-------------------------------------------------------------------------------------------------------+---------+
; ave8_E.v                         ; yes             ; User Verilog HDL File  ; C:/Users/sxc210186/Documents/GitHub/Reconfig/Project 6.1/ave8/ave8/logic_synthesis_work/ave8/ave8_E.v ;         ;
+----------------------------------+-----------------+------------------------+-------------------------------------------------------------------------------------------------------+---------+


+------------------------------------------------------+
; Analysis & Synthesis Resource Usage Summary          ;
+---------------------------------------------+--------+
; Resource                                    ; Usage  ;
+---------------------------------------------+--------+
; Estimate of Logic utilization (ALMs needed) ; 0      ;
;                                             ;        ;
; Combinational ALUT usage for logic          ; 0      ;
;     -- 7 input functions                    ; 0      ;
;     -- 6 input functions                    ; 0      ;
;     -- 5 input functions                    ; 0      ;
;     -- 4 input functions                    ; 0      ;
;     -- <=3 input functions                  ; 0      ;
;                                             ;        ;
; Dedicated logic registers                   ; 0      ;
;                                             ;        ;
; I/O pins                                    ; 32     ;
;                                             ;        ;
; Total DSP Blocks                            ; 0      ;
;                                             ;        ;
; Maximum fan-out node                        ; in0[7] ;
; Maximum fan-out                             ; 1      ;
; Total fan-out                               ; 32     ;
; Average fan-out                             ; 0.50   ;
+---------------------------------------------+--------+


+----------------------------------------------------------------------------------------------------------------------------------------------------------------------------------------+
; Analysis & Synthesis Resource Utilization by Entity                                                                                                                                    ;
+----------------------------+---------------------+---------------------------+-------------------+------------+------+--------------+---------------------+-------------+--------------+
; Compilation Hierarchy Node ; Combinational ALUTs ; Dedicated Logic Registers ; Block Memory Bits ; DSP Blocks ; Pins ; Virtual Pins ; Full Hierarchy Name ; Entity Name ; Library Name ;
+----------------------------+---------------------+---------------------------+-------------------+------------+------+--------------+---------------------+-------------+--------------+
; |ave8                      ; 0 (0)               ; 0 (0)                     ; 0                 ; 0          ; 32   ; 0            ; |ave8               ; ave8        ; work         ;
+----------------------------+---------------------+---------------------------+-------------------+------------+------+--------------+---------------------+-------------+--------------+
Note: For table entries with two numbers listed, the numbers in parentheses indicate the number of resources of the given type used by the specific entity alone. The numbers listed outside of parentheses indicate the total resources of the given type used by the specific entity and all of its sub-entities in the hierarchy.


+---------------------------------------------------------------------------------+
; Registers Removed During Synthesis                                              ;
+----------------------------------------+----------------------------------------+
; Register name                          ; Reason for Removal                     ;
+----------------------------------------+----------------------------------------+
; hunb[0..3]                             ; Stuck at GND due to stuck port data_in ;
; tenb[0..3]                             ; Stuck at GND due to stuck port data_in ;
; unib[0..3]                             ; Stuck at GND due to stuck port data_in ;
; i[0..31]                               ; Lost fanout                            ;
; Total Number of Removed Registers = 44 ;                                        ;
+----------------------------------------+----------------------------------------+


+--------------------------------------------------------------------------------------------------+
; Removed Registers Triggering Further Register Optimizations                                      ;
+---------------+---------------------------+------------------------------------------------------+
; Register name ; Reason for Removal        ; Registers Removed due to This Register               ;
+---------------+---------------------------+------------------------------------------------------+
; hunb[0]       ; Stuck at GND              ; tenb[1], tenb[2], tenb[3], unib[0], unib[1], unib[2] ;
;               ; due to stuck port data_in ;                                                      ;
; i[1]          ; Lost Fanouts              ; i[2], i[3], i[4], i[5]                               ;
+---------------+---------------------------+------------------------------------------------------+


+------------------------------------------------------+
; General Register Statistics                          ;
+----------------------------------------------+-------+
; Statistic                                    ; Value ;
+----------------------------------------------+-------+
; Total registers                              ; 0     ;
; Number of registers using Synchronous Clear  ; 0     ;
; Number of registers using Synchronous Load   ; 0     ;
; Number of registers using Asynchronous Clear ; 0     ;
; Number of registers using Asynchronous Load  ; 0     ;
; Number of registers using Clock Enable       ; 0     ;
; Number of registers using Preset             ; 0     ;
+----------------------------------------------+-------+


+-----------------------------------------------------+
; Post-Synthesis Netlist Statistics for Top Partition ;
+-----------------------+-----------------------------+
; Type                  ; Count                       ;
+-----------------------+-----------------------------+
; arriav_lcell_comb     ; 2                           ;
;     normal            ; 2                           ;
;         0 data inputs ; 2                           ;
; boundary_port         ; 32                          ;
;                       ;                             ;
; Max LUT depth         ; 0.00                        ;
; Average LUT depth     ; 0.00                        ;
+-----------------------+-----------------------------+


+-------------------------------+
; Elapsed Time Per Partition    ;
+----------------+--------------+
; Partition Name ; Elapsed Time ;
+----------------+--------------+
; Top            ; 00:00:00     ;
+----------------+--------------+


+-------------------------------+
; Analysis & Synthesis Messages ;
+-------------------------------+
Info: *******************************************************************
Info: Running Quartus Prime Analysis & Synthesis
    Info: Version 22.1std.2 Build 922 07/20/2023 SC Lite Edition
    Info: Processing started: Sun Oct 29 23:27:50 2023
Info: Command: quartus_map --read_settings_files=on --write_settings_files=off ave8_E -c ave8_E
Warning (18236): Number of processors has not been specified which may cause overloading on shared machines.  Set the global assignment NUM_PARALLEL_PROCESSORS in your QSF to an appropriate value for best performance.
Info (20030): Parallel compilation is enabled and will use 4 of the 4 processors detected
Info (12021): Found 2 design units, including 2 entities, in source file ave8_e.v
    Info (12023): Found entity 1: ave8 File: C:/Users/sxc210186/Documents/GitHub/Reconfig/Project 6.1/ave8/ave8/logic_synthesis_work/ave8/ave8_E.v Line: 12
    Info (12023): Found entity 2: seven_display_decoder File: C:/Users/sxc210186/Documents/GitHub/Reconfig/Project 6.1/ave8/ave8/logic_synthesis_work/ave8/ave8_E.v Line: 64
Info (12127): Elaborating entity "ave8" for the top level hierarchy
Warning (10858): Verilog HDL warning at ave8_E.v(26): object memory2 used but never assigned File: C:/Users/sxc210186/Documents/GitHub/Reconfig/Project 6.1/ave8/ave8/logic_synthesis_work/ave8/ave8_E.v Line: 26
Warning (10230): Verilog HDL assignment warning at ave8_E.v(32): truncated value with size 32 to match size of target (4) File: C:/Users/sxc210186/Documents/GitHub/Reconfig/Project 6.1/ave8/ave8/logic_synthesis_work/ave8/ave8_E.v Line: 32
Warning (10230): Verilog HDL assignment warning at ave8_E.v(39): truncated value with size 32 to match size of target (4) File: C:/Users/sxc210186/Documents/GitHub/Reconfig/Project 6.1/ave8/ave8/logic_synthesis_work/ave8/ave8_E.v Line: 39
Warning (10230): Verilog HDL assignment warning at ave8_E.v(46): truncated value with size 32 to match size of target (4) File: C:/Users/sxc210186/Documents/GitHub/Reconfig/Project 6.1/ave8/ave8/logic_synthesis_work/ave8/ave8_E.v Line: 46
Warning (10030): Net "memory.data_a" at ave8_E.v(24) has no driver or initial value, using a default initial value '0' File: C:/Users/sxc210186/Documents/GitHub/Reconfig/Project 6.1/ave8/ave8/logic_synthesis_work/ave8/ave8_E.v Line: 24
Warning (10030): Net "memory.waddr_a" at ave8_E.v(24) has no driver or initial value, using a default initial value '0' File: C:/Users/sxc210186/Documents/GitHub/Reconfig/Project 6.1/ave8/ave8/logic_synthesis_work/ave8/ave8_E.v Line: 24
Warning (10030): Net "memory1.data_a" at ave8_E.v(25) has no driver or initial value, using a default initial value '0' File: C:/Users/sxc210186/Documents/GitHub/Reconfig/Project 6.1/ave8/ave8/logic_synthesis_work/ave8/ave8_E.v Line: 25
Warning (10030): Net "memory1.waddr_a" at ave8_E.v(25) has no driver or initial value, using a default initial value '0' File: C:/Users/sxc210186/Documents/GitHub/Reconfig/Project 6.1/ave8/ave8/logic_synthesis_work/ave8/ave8_E.v Line: 25
Warning (10030): Net "memory.we_a" at ave8_E.v(24) has no driver or initial value, using a default initial value '0' File: C:/Users/sxc210186/Documents/GitHub/Reconfig/Project 6.1/ave8/ave8/logic_synthesis_work/ave8/ave8_E.v Line: 24
Warning (10030): Net "memory1.we_a" at ave8_E.v(25) has no driver or initial value, using a default initial value '0' File: C:/Users/sxc210186/Documents/GitHub/Reconfig/Project 6.1/ave8/ave8/logic_synthesis_work/ave8/ave8_E.v Line: 25
Info (12128): Elaborating entity "seven_display_decoder" for hierarchy "seven_display_decoder:u1" File: C:/Users/sxc210186/Documents/GitHub/Reconfig/Project 6.1/ave8/ave8/logic_synthesis_work/ave8/ave8_E.v Line: 57
Warning (10272): Verilog HDL Case Statement warning at ave8_E.v(74): case item expression covers a value already covered by a previous case item File: C:/Users/sxc210186/Documents/GitHub/Reconfig/Project 6.1/ave8/ave8/logic_synthesis_work/ave8/ave8_E.v Line: 74
Info (276014): Found 2 instances of uninferred RAM logic
    Info (276004): RAM logic "memory" is uninferred due to inappropriate RAM size File: C:/Users/sxc210186/Documents/GitHub/Reconfig/Project 6.1/ave8/ave8/logic_synthesis_work/ave8/ave8_E.v Line: 24
    Info (276004): RAM logic "memory1" is uninferred due to inappropriate RAM size File: C:/Users/sxc210186/Documents/GitHub/Reconfig/Project 6.1/ave8/ave8/logic_synthesis_work/ave8/ave8_E.v Line: 25
Critical Warning (127005): Memory depth (4) in the design file differs from memory depth (3) in the Memory Initialization File "C:/Users/sxc210186/Documents/GitHub/Reconfig/Project 6.1/ave8/ave8/logic_synthesis_work/ave8/db/ave8_E.ram0_ave8_330a32.hdl.mif" -- setting initial value for remaining addresses to 0
Warning (127007): Memory Initialization File or Hexadecimal (Intel-Format) File "C:/Users/sxc210186/Documents/GitHub/Reconfig/Project 6.1/ave8/ave8/logic_synthesis_work/ave8/db/ave8_E.ram0_ave8_330a32.hdl.mif" contains "don't care" values -- overwriting them with 0s
Critical Warning (127005): Memory depth (4) in the design file differs from memory depth (3) in the Memory Initialization File "C:/Users/sxc210186/Documents/GitHub/Reconfig/Project 6.1/ave8/ave8/logic_synthesis_work/ave8/db/ave8_E.ram2_ave8_330a32.hdl.mif" -- setting initial value for remaining addresses to 0
Warning (127007): Memory Initialization File or Hexadecimal (Intel-Format) File "C:/Users/sxc210186/Documents/GitHub/Reconfig/Project 6.1/ave8/ave8/logic_synthesis_work/ave8/db/ave8_E.ram2_ave8_330a32.hdl.mif" contains "don't care" values -- overwriting them with 0s
Warning (13024): Output pins are stuck at VCC or GND
    Warning (13410): Pin "seven_display_units[6]" is stuck at GND File: C:/Users/sxc210186/Documents/GitHub/Reconfig/Project 6.1/ave8/ave8/logic_synthesis_work/ave8/ave8_E.v Line: 15
    Warning (13410): Pin "seven_display_units[5]" is stuck at GND File: C:/Users/sxc210186/Documents/GitHub/Reconfig/Project 6.1/ave8/ave8/logic_synthesis_work/ave8/ave8_E.v Line: 15
    Warning (13410): Pin "seven_display_units[4]" is stuck at GND File: C:/Users/sxc210186/Documents/GitHub/Reconfig/Project 6.1/ave8/ave8/logic_synthesis_work/ave8/ave8_E.v Line: 15
    Warning (13410): Pin "seven_display_units[3]" is stuck at GND File: C:/Users/sxc210186/Documents/GitHub/Reconfig/Project 6.1/ave8/ave8/logic_synthesis_work/ave8/ave8_E.v Line: 15
    Warning (13410): Pin "seven_display_units[2]" is stuck at GND File: C:/Users/sxc210186/Documents/GitHub/Reconfig/Project 6.1/ave8/ave8/logic_synthesis_work/ave8/ave8_E.v Line: 15
    Warning (13410): Pin "seven_display_units[1]" is stuck at GND File: C:/Users/sxc210186/Documents/GitHub/Reconfig/Project 6.1/ave8/ave8/logic_synthesis_work/ave8/ave8_E.v Line: 15
    Warning (13410): Pin "seven_display_units[0]" is stuck at VCC File: C:/Users/sxc210186/Documents/GitHub/Reconfig/Project 6.1/ave8/ave8/logic_synthesis_work/ave8/ave8_E.v Line: 15
    Warning (13410): Pin "seven_display_tens[6]" is stuck at GND File: C:/Users/sxc210186/Documents/GitHub/Reconfig/Project 6.1/ave8/ave8/logic_synthesis_work/ave8/ave8_E.v Line: 16
    Warning (13410): Pin "seven_display_tens[5]" is stuck at GND File: C:/Users/sxc210186/Documents/GitHub/Reconfig/Project 6.1/ave8/ave8/logic_synthesis_work/ave8/ave8_E.v Line: 16
    Warning (13410): Pin "seven_display_tens[4]" is stuck at GND File: C:/Users/sxc210186/Documents/GitHub/Reconfig/Project 6.1/ave8/ave8/logic_synthesis_work/ave8/ave8_E.v Line: 16
    Warning (13410): Pin "seven_display_tens[3]" is stuck at GND File: C:/Users/sxc210186/Documents/GitHub/Reconfig/Project 6.1/ave8/ave8/logic_synthesis_work/ave8/ave8_E.v Line: 16
    Warning (13410): Pin "seven_display_tens[2]" is stuck at GND File: C:/Users/sxc210186/Documents/GitHub/Reconfig/Project 6.1/ave8/ave8/logic_synthesis_work/ave8/ave8_E.v Line: 16
    Warning (13410): Pin "seven_display_tens[1]" is stuck at GND File: C:/Users/sxc210186/Documents/GitHub/Reconfig/Project 6.1/ave8/ave8/logic_synthesis_work/ave8/ave8_E.v Line: 16
    Warning (13410): Pin "seven_display_tens[0]" is stuck at VCC File: C:/Users/sxc210186/Documents/GitHub/Reconfig/Project 6.1/ave8/ave8/logic_synthesis_work/ave8/ave8_E.v Line: 16
    Warning (13410): Pin "seven_display_hun[6]" is stuck at GND File: C:/Users/sxc210186/Documents/GitHub/Reconfig/Project 6.1/ave8/ave8/logic_synthesis_work/ave8/ave8_E.v Line: 17
    Warning (13410): Pin "seven_display_hun[5]" is stuck at GND File: C:/Users/sxc210186/Documents/GitHub/Reconfig/Project 6.1/ave8/ave8/logic_synthesis_work/ave8/ave8_E.v Line: 17
    Warning (13410): Pin "seven_display_hun[4]" is stuck at GND File: C:/Users/sxc210186/Documents/GitHub/Reconfig/Project 6.1/ave8/ave8/logic_synthesis_work/ave8/ave8_E.v Line: 17
    Warning (13410): Pin "seven_display_hun[3]" is stuck at GND File: C:/Users/sxc210186/Documents/GitHub/Reconfig/Project 6.1/ave8/ave8/logic_synthesis_work/ave8/ave8_E.v Line: 17
    Warning (13410): Pin "seven_display_hun[2]" is stuck at GND File: C:/Users/sxc210186/Documents/GitHub/Reconfig/Project 6.1/ave8/ave8/logic_synthesis_work/ave8/ave8_E.v Line: 17
    Warning (13410): Pin "seven_display_hun[1]" is stuck at GND File: C:/Users/sxc210186/Documents/GitHub/Reconfig/Project 6.1/ave8/ave8/logic_synthesis_work/ave8/ave8_E.v Line: 17
    Warning (13410): Pin "seven_display_hun[0]" is stuck at VCC File: C:/Users/sxc210186/Documents/GitHub/Reconfig/Project 6.1/ave8/ave8/logic_synthesis_work/ave8/ave8_E.v Line: 17
Info (17049): 32 registers lost all their fanouts during netlist optimizations.
Info (144001): Generated suppressed messages file C:/Users/sxc210186/Documents/GitHub/Reconfig/Project 6.1/ave8/ave8/logic_synthesis_work/ave8/ave8_E.map.smsg
Info (16010): Generating hard_block partition "hard_block:auto_generated_inst"
    Info (16011): Adding 0 node(s), including 0 DDIO, 0 PLL, 0 transceiver and 0 LCELL
Warning (21074): Design contains 11 input pin(s) that do not drive logic
    Warning (15610): No output dependent on input pin "in0[7]" File: C:/Users/sxc210186/Documents/GitHub/Reconfig/Project 6.1/ave8/ave8/logic_synthesis_work/ave8/ave8_E.v Line: 13
    Warning (15610): No output dependent on input pin "in0[6]" File: C:/Users/sxc210186/Documents/GitHub/Reconfig/Project 6.1/ave8/ave8/logic_synthesis_work/ave8/ave8_E.v Line: 13
    Warning (15610): No output dependent on input pin "in0[5]" File: C:/Users/sxc210186/Documents/GitHub/Reconfig/Project 6.1/ave8/ave8/logic_synthesis_work/ave8/ave8_E.v Line: 13
    Warning (15610): No output dependent on input pin "in0[4]" File: C:/Users/sxc210186/Documents/GitHub/Reconfig/Project 6.1/ave8/ave8/logic_synthesis_work/ave8/ave8_E.v Line: 13
    Warning (15610): No output dependent on input pin "in0[3]" File: C:/Users/sxc210186/Documents/GitHub/Reconfig/Project 6.1/ave8/ave8/logic_synthesis_work/ave8/ave8_E.v Line: 13
    Warning (15610): No output dependent on input pin "in0[2]" File: C:/Users/sxc210186/Documents/GitHub/Reconfig/Project 6.1/ave8/ave8/logic_synthesis_work/ave8/ave8_E.v Line: 13
    Warning (15610): No output dependent on input pin "in0[1]" File: C:/Users/sxc210186/Documents/GitHub/Reconfig/Project 6.1/ave8/ave8/logic_synthesis_work/ave8/ave8_E.v Line: 13
    Warning (15610): No output dependent on input pin "in0[0]" File: C:/Users/sxc210186/Documents/GitHub/Reconfig/Project 6.1/ave8/ave8/logic_synthesis_work/ave8/ave8_E.v Line: 13
    Warning (15610): No output dependent on input pin "enable" File: C:/Users/sxc210186/Documents/GitHub/Reconfig/Project 6.1/ave8/ave8/logic_synthesis_work/ave8/ave8_E.v Line: 14
    Warning (15610): No output dependent on input pin "CLOCK" File: C:/Users/sxc210186/Documents/GitHub/Reconfig/Project 6.1/ave8/ave8/logic_synthesis_work/ave8/ave8_E.v Line: 18
    Warning (15610): No output dependent on input pin "RESET" File: C:/Users/sxc210186/Documents/GitHub/Reconfig/Project 6.1/ave8/ave8/logic_synthesis_work/ave8/ave8_E.v Line: 19
Info (21057): Implemented 32 device resources after synthesis - the final resource count might be different
    Info (21058): Implemented 11 input pins
    Info (21059): Implemented 21 output pins
Info: Quartus Prime Analysis & Synthesis was successful. 0 errors, 50 warnings
    Info: Peak virtual memory: 4821 megabytes
    Info: Processing ended: Sun Oct 29 23:27:59 2023
    Info: Elapsed time: 00:00:09
    Info: Total CPU time (on all processors): 00:00:21


+------------------------------------------+
; Analysis & Synthesis Suppressed Messages ;
+------------------------------------------+
The suppressed messages can be found in C:/Users/sxc210186/Documents/GitHub/Reconfig/Project 6.1/ave8/ave8/logic_synthesis_work/ave8/ave8_E.map.smsg.


