Analysis & Synthesis report for sincos7
Fri Sep 29 21:44:17 2023
Quartus Prime Version 22.1std.2 Build 922 07/20/2023 SC Lite Edition


---------------------
; Table of Contents ;
---------------------
  1. Legal Notice
  2. Analysis & Synthesis Summary
  3. Analysis & Synthesis Settings
  4. Parallel Compilation
  5. Analysis & Synthesis Source Files Read
  6. Analysis & Synthesis Resource Usage Summary
  7. Analysis & Synthesis Resource Utilization by Entity
  8. General Register Statistics
  9. Source assignments for sincos_CORDIC_0:u0
 10. Parameter Settings for User Entity Instance: sincos_CORDIC_0:u0|dspba_delay:redist8_signA_uid7_sincosTest_b_2
 11. Parameter Settings for User Entity Instance: sincos_CORDIC_0:u0|dspba_delay:redist7_invSignA_uid8_sincosTest_q_2
 12. Parameter Settings for User Entity Instance: sincos_CORDIC_0:u0|dspba_delay:redist2_xMSB_uid96_sincosTest_b_1
 13. Parameter Settings for User Entity Instance: sincos_CORDIC_0:u0|dspba_delay:redist3_xMSB_uid80_sincosTest_b_1
 14. Parameter Settings for User Entity Instance: sincos_CORDIC_0:u0|dspba_delay:redist4_xMSB_uid64_sincosTest_b_1
 15. Parameter Settings for User Entity Instance: sincos_CORDIC_0:u0|dspba_delay:redist5_xMSB_uid48_sincosTest_b_1
 16. Parameter Settings for User Entity Instance: sincos_CORDIC_0:u0|dspba_delay:redist0_yPostExc_uid124_sincosTest_b_1
 17. Parameter Settings for User Entity Instance: sincos_CORDIC_0:u0|dspba_delay:redist1_xPostExc_uid123_sincosTest_b_1
 18. Parameter Settings for User Entity Instance: sincos_CORDIC_0:u0|dspba_delay:redist6_firstQuadrant_uid15_sincosTest_b_2
 19. Port Connectivity Checks: "seven_display_decoder:u6"
 20. Port Connectivity Checks: "seven_display_decoder:u5"
 21. Port Connectivity Checks: "seven_display_decoder:u4"
 22. Port Connectivity Checks: "seven_display_decoder:u3"
 23. Port Connectivity Checks: "seven_display_decoder:u2"
 24. Port Connectivity Checks: "seven_display_decoder:u1"
 25. Port Connectivity Checks: "sincos_CORDIC_0:u0|dspba_delay:redist6_firstQuadrant_uid15_sincosTest_b_2"
 26. Port Connectivity Checks: "sincos_CORDIC_0:u0|dspba_delay:redist1_xPostExc_uid123_sincosTest_b_1"
 27. Port Connectivity Checks: "sincos_CORDIC_0:u0|dspba_delay:redist0_yPostExc_uid124_sincosTest_b_1"
 28. Port Connectivity Checks: "sincos_CORDIC_0:u0|dspba_delay:redist5_xMSB_uid48_sincosTest_b_1"
 29. Port Connectivity Checks: "sincos_CORDIC_0:u0|dspba_delay:redist4_xMSB_uid64_sincosTest_b_1"
 30. Port Connectivity Checks: "sincos_CORDIC_0:u0|dspba_delay:redist3_xMSB_uid80_sincosTest_b_1"
 31. Port Connectivity Checks: "sincos_CORDIC_0:u0|dspba_delay:redist2_xMSB_uid96_sincosTest_b_1"
 32. Port Connectivity Checks: "sincos_CORDIC_0:u0|dspba_delay:redist7_invSignA_uid8_sincosTest_q_2"
 33. Port Connectivity Checks: "sincos_CORDIC_0:u0|dspba_delay:redist8_signA_uid7_sincosTest_b_2"
 34. Port Connectivity Checks: "sincos_CORDIC_0:u0"
 35. Post-Synthesis Netlist Statistics for Top Partition
 36. Elapsed Time Per Partition
 37. Analysis & Synthesis Messages



----------------
; Legal Notice ;
----------------
Copyright (C) 2023  Intel Corporation. All rights reserved.
Your use of Intel Corporation's design tools, logic functions 
and other software and tools, and any partner logic 
functions, and any output files from any of the foregoing 
(including device programming or simulation files), and any 
associated documentation or information are expressly subject 
to the terms and conditions of the Intel Program License 
Subscription Agreement, the Intel Quartus Prime License Agreement,
the Intel FPGA IP License Agreement, or other applicable license
agreement, including, without limitation, that your use is for
the sole purpose of programming logic devices manufactured by
Intel and sold by Intel or its authorized distributors.  Please
refer to the applicable agreement for further details, at
https://fpgasoftware.intel.com/eula.



+----------------------------------------------------------------------------------+
; Analysis & Synthesis Summary                                                     ;
+---------------------------------+------------------------------------------------+
; Analysis & Synthesis Status     ; Successful - Fri Sep 29 21:44:17 2023          ;
; Quartus Prime Version           ; 22.1std.2 Build 922 07/20/2023 SC Lite Edition ;
; Revision Name                   ; sincos7                                        ;
; Top-level Entity Name           ; sincos                                         ;
; Family                          ; Cyclone V                                      ;
; Logic utilization (in ALMs)     ; N/A                                            ;
; Total registers                 ; 0                                              ;
; Total pins                      ; 54                                             ;
; Total virtual pins              ; 0                                              ;
; Total block memory bits         ; 0                                              ;
; Total DSP Blocks                ; 0                                              ;
; Total HSSI RX PCSs              ; 0                                              ;
; Total HSSI PMA RX Deserializers ; 0                                              ;
; Total HSSI TX PCSs              ; 0                                              ;
; Total HSSI PMA TX Serializers   ; 0                                              ;
; Total PLLs                      ; 0                                              ;
; Total DLLs                      ; 0                                              ;
+---------------------------------+------------------------------------------------+


+---------------------------------------------------------------------------------------------------------------------------+
; Analysis & Synthesis Settings                                                                                             ;
+---------------------------------------------------------------------------------+--------------------+--------------------+
; Option                                                                          ; Setting            ; Default Value      ;
+---------------------------------------------------------------------------------+--------------------+--------------------+
; Device                                                                          ; 5CSEMA5F31C6       ;                    ;
; Top-level entity name                                                           ; sincos             ; sincos7            ;
; Family name                                                                     ; Cyclone V          ; Cyclone V          ;
; Use smart compilation                                                           ; Off                ; Off                ;
; Enable parallel Assembler and Timing Analyzer during compilation                ; On                 ; On                 ;
; Enable compact report table                                                     ; Off                ; Off                ;
; Restructure Multiplexers                                                        ; Auto               ; Auto               ;
; MLAB Add Timing Constraints For Mixed-Port Feed-Through Mode Setting Don't Care ; Off                ; Off                ;
; Create Debugging Nodes for IP Cores                                             ; Off                ; Off                ;
; Preserve fewer node names                                                       ; On                 ; On                 ;
; Intel FPGA IP Evaluation Mode                                                   ; Enable             ; Enable             ;
; Verilog Version                                                                 ; Verilog_2001       ; Verilog_2001       ;
; VHDL Version                                                                    ; VHDL_1993          ; VHDL_1993          ;
; State Machine Processing                                                        ; Auto               ; Auto               ;
; Safe State Machine                                                              ; Off                ; Off                ;
; Extract Verilog State Machines                                                  ; On                 ; On                 ;
; Extract VHDL State Machines                                                     ; On                 ; On                 ;
; Ignore Verilog initial constructs                                               ; Off                ; Off                ;
; Iteration limit for constant Verilog loops                                      ; 5000               ; 5000               ;
; Iteration limit for non-constant Verilog loops                                  ; 250                ; 250                ;
; Add Pass-Through Logic to Inferred RAMs                                         ; On                 ; On                 ;
; Infer RAMs from Raw Logic                                                       ; On                 ; On                 ;
; Parallel Synthesis                                                              ; On                 ; On                 ;
; DSP Block Balancing                                                             ; Auto               ; Auto               ;
; NOT Gate Push-Back                                                              ; On                 ; On                 ;
; Power-Up Don't Care                                                             ; On                 ; On                 ;
; Remove Redundant Logic Cells                                                    ; Off                ; Off                ;
; Remove Duplicate Registers                                                      ; On                 ; On                 ;
; Ignore CARRY Buffers                                                            ; Off                ; Off                ;
; Ignore CASCADE Buffers                                                          ; Off                ; Off                ;
; Ignore GLOBAL Buffers                                                           ; Off                ; Off                ;
; Ignore ROW GLOBAL Buffers                                                       ; Off                ; Off                ;
; Ignore LCELL Buffers                                                            ; Off                ; Off                ;
; Ignore SOFT Buffers                                                             ; On                 ; On                 ;
; Limit AHDL Integers to 32 Bits                                                  ; Off                ; Off                ;
; Optimization Technique                                                          ; Balanced           ; Balanced           ;
; Carry Chain Length                                                              ; 70                 ; 70                 ;
; Auto Carry Chains                                                               ; On                 ; On                 ;
; Auto Open-Drain Pins                                                            ; On                 ; On                 ;
; Perform WYSIWYG Primitive Resynthesis                                           ; Off                ; Off                ;
; Auto ROM Replacement                                                            ; On                 ; On                 ;
; Auto RAM Replacement                                                            ; On                 ; On                 ;
; Auto DSP Block Replacement                                                      ; On                 ; On                 ;
; Auto Shift Register Replacement                                                 ; Auto               ; Auto               ;
; Allow Shift Register Merging across Hierarchies                                 ; Auto               ; Auto               ;
; Auto Clock Enable Replacement                                                   ; On                 ; On                 ;
; Strict RAM Replacement                                                          ; Off                ; Off                ;
; Allow Synchronous Control Signals                                               ; On                 ; On                 ;
; Force Use of Synchronous Clear Signals                                          ; Off                ; Off                ;
; Auto Resource Sharing                                                           ; Off                ; Off                ;
; Allow Any RAM Size For Recognition                                              ; Off                ; Off                ;
; Allow Any ROM Size For Recognition                                              ; Off                ; Off                ;
; Allow Any Shift Register Size For Recognition                                   ; Off                ; Off                ;
; Use LogicLock Constraints during Resource Balancing                             ; On                 ; On                 ;
; Ignore translate_off and synthesis_off directives                               ; Off                ; Off                ;
; Timing-Driven Synthesis                                                         ; On                 ; On                 ;
; Report Parameter Settings                                                       ; On                 ; On                 ;
; Report Source Assignments                                                       ; On                 ; On                 ;
; Report Connectivity Checks                                                      ; On                 ; On                 ;
; Ignore Maximum Fan-Out Assignments                                              ; Off                ; Off                ;
; Synchronization Register Chain Length                                           ; 3                  ; 3                  ;
; Power Optimization During Synthesis                                             ; Normal compilation ; Normal compilation ;
; HDL message level                                                               ; Level2             ; Level2             ;
; Suppress Register Optimization Related Messages                                 ; Off                ; Off                ;
; Number of Removed Registers Reported in Synthesis Report                        ; 5000               ; 5000               ;
; Number of Swept Nodes Reported in Synthesis Report                              ; 5000               ; 5000               ;
; Number of Inverted Registers Reported in Synthesis Report                       ; 100                ; 100                ;
; Clock MUX Protection                                                            ; On                 ; On                 ;
; Auto Gated Clock Conversion                                                     ; Off                ; Off                ;
; Block Design Naming                                                             ; Auto               ; Auto               ;
; SDC constraint protection                                                       ; Off                ; Off                ;
; Synthesis Effort                                                                ; Auto               ; Auto               ;
; Shift Register Replacement - Allow Asynchronous Clear Signal                    ; On                 ; On                 ;
; Pre-Mapping Resynthesis Optimization                                            ; Off                ; Off                ;
; Analysis & Synthesis Message Level                                              ; Medium             ; Medium             ;
; Disable Register Merging Across Hierarchies                                     ; Auto               ; Auto               ;
; Resource Aware Inference For Block RAM                                          ; On                 ; On                 ;
; Automatic Parallel Synthesis                                                    ; On                 ; On                 ;
; Partial Reconfiguration Bitstream ID                                            ; Off                ; Off                ;
+---------------------------------------------------------------------------------+--------------------+--------------------+


+------------------------------------------+
; Parallel Compilation                     ;
+----------------------------+-------------+
; Processors                 ; Number      ;
+----------------------------+-------------+
; Number detected on machine ; 8           ;
; Maximum allowed            ; 4           ;
;                            ;             ;
; Average used               ; 1.00        ;
; Maximum used               ; 1           ;
;                            ;             ;
; Usage by Processor         ; % Time Used ;
;     Processor 1            ; 100.0%      ;
+----------------------------+-------------+


+-----------------------------------------------------------------------------------------------------------------------------------------------------------------------------------------------------------------------------+
; Analysis & Synthesis Source Files Read                                                                                                                                                                                      ;
+-------------------------------------------------------+-----------------+------------------------+----------------------------------------------------------------------------------------------------------------+---------+
; File Name with User-Entered Path                      ; Used in Netlist ; File Type              ; File Name with Absolute Path                                                                                   ; Library ;
+-------------------------------------------------------+-----------------+------------------------+----------------------------------------------------------------------------------------------------------------+---------+
; sincos/synthesis/submodules/sincos_CORDIC_0.vhd       ; yes             ; User VHDL File         ; C:/Users/sxc210186/Documents/GitHub/Reconfig/Project 3.3/sincos/synthesis/submodules/sincos_CORDIC_0.vhd       ;         ;
; sincos/synthesis/submodules/dspba_library_package.vhd ; yes             ; User VHDL File         ; C:/Users/sxc210186/Documents/GitHub/Reconfig/Project 3.3/sincos/synthesis/submodules/dspba_library_package.vhd ;         ;
; sincos/synthesis/submodules/dspba_library.vhd         ; yes             ; User VHDL File         ; C:/Users/sxc210186/Documents/GitHub/Reconfig/Project 3.3/sincos/synthesis/submodules/dspba_library.vhd         ;         ;
; sincos/synthesis/sincos.v                             ; yes             ; User Verilog HDL File  ; C:/Users/sxc210186/Documents/GitHub/Reconfig/Project 3.3/sincos/synthesis/sincos.v                             ;         ;
+-------------------------------------------------------+-----------------+------------------------+----------------------------------------------------------------------------------------------------------------+---------+


+-----------------------------------------------------+
; Analysis & Synthesis Resource Usage Summary         ;
+---------------------------------------------+-------+
; Resource                                    ; Usage ;
+---------------------------------------------+-------+
; Estimate of Logic utilization (ALMs needed) ; 0     ;
;                                             ;       ;
; Combinational ALUT usage for logic          ; 0     ;
;     -- 7 input functions                    ; 0     ;
;     -- 6 input functions                    ; 0     ;
;     -- 5 input functions                    ; 0     ;
;     -- 4 input functions                    ; 0     ;
;     -- <=3 input functions                  ; 0     ;
;                                             ;       ;
; Dedicated logic registers                   ; 0     ;
;                                             ;       ;
; I/O pins                                    ; 54    ;
;                                             ;       ;
; Total DSP Blocks                            ; 0     ;
;                                             ;       ;
; Maximum fan-out node                        ; a[0]  ;
; Maximum fan-out                             ; 1     ;
; Total fan-out                               ; 54    ;
; Average fan-out                             ; 0.50  ;
+---------------------------------------------+-------+


+----------------------------------------------------------------------------------------------------------------------------------------------------------------------------------------+
; Analysis & Synthesis Resource Utilization by Entity                                                                                                                                    ;
+----------------------------+---------------------+---------------------------+-------------------+------------+------+--------------+---------------------+-------------+--------------+
; Compilation Hierarchy Node ; Combinational ALUTs ; Dedicated Logic Registers ; Block Memory Bits ; DSP Blocks ; Pins ; Virtual Pins ; Full Hierarchy Name ; Entity Name ; Library Name ;
+----------------------------+---------------------+---------------------------+-------------------+------------+------+--------------+---------------------+-------------+--------------+
; |sincos                    ; 0 (0)               ; 0 (0)                     ; 0                 ; 0          ; 54   ; 0            ; |sincos             ; sincos      ; work         ;
+----------------------------+---------------------+---------------------------+-------------------+------------+------+--------------+---------------------+-------------+--------------+
Note: For table entries with two numbers listed, the numbers in parentheses indicate the number of resources of the given type used by the specific entity alone. The numbers listed outside of parentheses indicate the total resources of the given type used by the specific entity and all of its sub-entities in the hierarchy.


+------------------------------------------------------+
; General Register Statistics                          ;
+----------------------------------------------+-------+
; Statistic                                    ; Value ;
+----------------------------------------------+-------+
; Total registers                              ; 0     ;
; Number of registers using Synchronous Clear  ; 0     ;
; Number of registers using Synchronous Load   ; 0     ;
; Number of registers using Asynchronous Clear ; 0     ;
; Number of registers using Asynchronous Load  ; 0     ;
; Number of registers using Clock Enable       ; 0     ;
; Number of registers using Preset             ; 0     ;
+----------------------------------------------+-------+


+--------------------------------------------------------------+
; Source assignments for sincos_CORDIC_0:u0                    ;
+-----------------------------------------+--------+------+----+
; Assignment                              ; Value  ; From ; To ;
+-----------------------------------------+--------+------+----+
; AUTO_SHIFT_REGISTER_RECOGNITION         ; OFF    ; -    ; -  ;
; PHYSICAL_SYNTHESIS_REGISTER_DUPLICATION ; ON     ; -    ; -  ;
; MESSAGE_DISABLE                         ; 10036  ; -    ; -  ;
; MESSAGE_DISABLE                         ; 10037  ; -    ; -  ;
; MESSAGE_DISABLE                         ; 14130  ; -    ; -  ;
; MESSAGE_DISABLE                         ; 14320  ; -    ; -  ;
; MESSAGE_DISABLE                         ; 15400  ; -    ; -  ;
; MESSAGE_DISABLE                         ; 14130  ; -    ; -  ;
; MESSAGE_DISABLE                         ; 10036  ; -    ; -  ;
; MESSAGE_DISABLE                         ; 12020  ; -    ; -  ;
; MESSAGE_DISABLE                         ; 12030  ; -    ; -  ;
; MESSAGE_DISABLE                         ; 12010  ; -    ; -  ;
; MESSAGE_DISABLE                         ; 12110  ; -    ; -  ;
; MESSAGE_DISABLE                         ; 14320  ; -    ; -  ;
; MESSAGE_DISABLE                         ; 13410  ; -    ; -  ;
; MESSAGE_DISABLE                         ; 113007 ; -    ; -  ;
+-----------------------------------------+--------+------+----+


+---------------------------------------------------------------------------------------------------------------+
; Parameter Settings for User Entity Instance: sincos_CORDIC_0:u0|dspba_delay:redist8_signA_uid7_sincosTest_b_2 ;
+----------------+-------+--------------------------------------------------------------------------------------+
; Parameter Name ; Value ; Type                                                                                 ;
+----------------+-------+--------------------------------------------------------------------------------------+
; width          ; 1     ; Signed Integer                                                                       ;
; depth          ; 2     ; Signed Integer                                                                       ;
; reset_high     ; '1'   ; Enumerated                                                                           ;
; reset_kind     ; ASYNC ; String                                                                               ;
+----------------+-------+--------------------------------------------------------------------------------------+
Note: In order to hide this table in the UI and the text report file, please set the "Show Parameter Settings in Synthesis Report" option in "Analysis and Synthesis Settings -> More Settings" to "Off".


+------------------------------------------------------------------------------------------------------------------+
; Parameter Settings for User Entity Instance: sincos_CORDIC_0:u0|dspba_delay:redist7_invSignA_uid8_sincosTest_q_2 ;
+----------------+-------+-----------------------------------------------------------------------------------------+
; Parameter Name ; Value ; Type                                                                                    ;
+----------------+-------+-----------------------------------------------------------------------------------------+
; width          ; 1     ; Signed Integer                                                                          ;
; depth          ; 2     ; Signed Integer                                                                          ;
; reset_high     ; '1'   ; Enumerated                                                                              ;
; reset_kind     ; ASYNC ; String                                                                                  ;
+----------------+-------+-----------------------------------------------------------------------------------------+
Note: In order to hide this table in the UI and the text report file, please set the "Show Parameter Settings in Synthesis Report" option in "Analysis and Synthesis Settings -> More Settings" to "Off".


+---------------------------------------------------------------------------------------------------------------+
; Parameter Settings for User Entity Instance: sincos_CORDIC_0:u0|dspba_delay:redist2_xMSB_uid96_sincosTest_b_1 ;
+----------------+-------+--------------------------------------------------------------------------------------+
; Parameter Name ; Value ; Type                                                                                 ;
+----------------+-------+--------------------------------------------------------------------------------------+
; width          ; 1     ; Signed Integer                                                                       ;
; depth          ; 1     ; Signed Integer                                                                       ;
; reset_high     ; '1'   ; Enumerated                                                                           ;
; reset_kind     ; ASYNC ; String                                                                               ;
+----------------+-------+--------------------------------------------------------------------------------------+
Note: In order to hide this table in the UI and the text report file, please set the "Show Parameter Settings in Synthesis Report" option in "Analysis and Synthesis Settings -> More Settings" to "Off".


+---------------------------------------------------------------------------------------------------------------+
; Parameter Settings for User Entity Instance: sincos_CORDIC_0:u0|dspba_delay:redist3_xMSB_uid80_sincosTest_b_1 ;
+----------------+-------+--------------------------------------------------------------------------------------+
; Parameter Name ; Value ; Type                                                                                 ;
+----------------+-------+--------------------------------------------------------------------------------------+
; width          ; 1     ; Signed Integer                                                                       ;
; depth          ; 1     ; Signed Integer                                                                       ;
; reset_high     ; '1'   ; Enumerated                                                                           ;
; reset_kind     ; ASYNC ; String                                                                               ;
+----------------+-------+--------------------------------------------------------------------------------------+
Note: In order to hide this table in the UI and the text report file, please set the "Show Parameter Settings in Synthesis Report" option in "Analysis and Synthesis Settings -> More Settings" to "Off".


+---------------------------------------------------------------------------------------------------------------+
; Parameter Settings for User Entity Instance: sincos_CORDIC_0:u0|dspba_delay:redist4_xMSB_uid64_sincosTest_b_1 ;
+----------------+-------+--------------------------------------------------------------------------------------+
; Parameter Name ; Value ; Type                                                                                 ;
+----------------+-------+--------------------------------------------------------------------------------------+
; width          ; 1     ; Signed Integer                                                                       ;
; depth          ; 1     ; Signed Integer                                                                       ;
; reset_high     ; '1'   ; Enumerated                                                                           ;
; reset_kind     ; ASYNC ; String                                                                               ;
+----------------+-------+--------------------------------------------------------------------------------------+
Note: In order to hide this table in the UI and the text report file, please set the "Show Parameter Settings in Synthesis Report" option in "Analysis and Synthesis Settings -> More Settings" to "Off".


+---------------------------------------------------------------------------------------------------------------+
; Parameter Settings for User Entity Instance: sincos_CORDIC_0:u0|dspba_delay:redist5_xMSB_uid48_sincosTest_b_1 ;
+----------------+-------+--------------------------------------------------------------------------------------+
; Parameter Name ; Value ; Type                                                                                 ;
+----------------+-------+--------------------------------------------------------------------------------------+
; width          ; 1     ; Signed Integer                                                                       ;
; depth          ; 1     ; Signed Integer                                                                       ;
; reset_high     ; '1'   ; Enumerated                                                                           ;
; reset_kind     ; ASYNC ; String                                                                               ;
+----------------+-------+--------------------------------------------------------------------------------------+
Note: In order to hide this table in the UI and the text report file, please set the "Show Parameter Settings in Synthesis Report" option in "Analysis and Synthesis Settings -> More Settings" to "Off".


+--------------------------------------------------------------------------------------------------------------------+
; Parameter Settings for User Entity Instance: sincos_CORDIC_0:u0|dspba_delay:redist0_yPostExc_uid124_sincosTest_b_1 ;
+----------------+-------+-------------------------------------------------------------------------------------------+
; Parameter Name ; Value ; Type                                                                                      ;
+----------------+-------+-------------------------------------------------------------------------------------------+
; width          ; 5     ; Signed Integer                                                                            ;
; depth          ; 1     ; Signed Integer                                                                            ;
; reset_high     ; '1'   ; Enumerated                                                                                ;
; reset_kind     ; ASYNC ; String                                                                                    ;
+----------------+-------+-------------------------------------------------------------------------------------------+
Note: In order to hide this table in the UI and the text report file, please set the "Show Parameter Settings in Synthesis Report" option in "Analysis and Synthesis Settings -> More Settings" to "Off".


+--------------------------------------------------------------------------------------------------------------------+
; Parameter Settings for User Entity Instance: sincos_CORDIC_0:u0|dspba_delay:redist1_xPostExc_uid123_sincosTest_b_1 ;
+----------------+-------+-------------------------------------------------------------------------------------------+
; Parameter Name ; Value ; Type                                                                                      ;
+----------------+-------+-------------------------------------------------------------------------------------------+
; width          ; 5     ; Signed Integer                                                                            ;
; depth          ; 1     ; Signed Integer                                                                            ;
; reset_high     ; '1'   ; Enumerated                                                                                ;
; reset_kind     ; ASYNC ; String                                                                                    ;
+----------------+-------+-------------------------------------------------------------------------------------------+
Note: In order to hide this table in the UI and the text report file, please set the "Show Parameter Settings in Synthesis Report" option in "Analysis and Synthesis Settings -> More Settings" to "Off".


+------------------------------------------------------------------------------------------------------------------------+
; Parameter Settings for User Entity Instance: sincos_CORDIC_0:u0|dspba_delay:redist6_firstQuadrant_uid15_sincosTest_b_2 ;
+----------------+-------+-----------------------------------------------------------------------------------------------+
; Parameter Name ; Value ; Type                                                                                          ;
+----------------+-------+-----------------------------------------------------------------------------------------------+
; width          ; 1     ; Signed Integer                                                                                ;
; depth          ; 2     ; Signed Integer                                                                                ;
; reset_high     ; '1'   ; Enumerated                                                                                    ;
; reset_kind     ; ASYNC ; String                                                                                        ;
+----------------+-------+-----------------------------------------------------------------------------------------------+
Note: In order to hide this table in the UI and the text report file, please set the "Show Parameter Settings in Synthesis Report" option in "Analysis and Synthesis Settings -> More Settings" to "Off".


+----------------------------------------------------------------------------------------------------------------------------------------------------------------------+
; Port Connectivity Checks: "seven_display_decoder:u6"                                                                                                                 ;
+------+-------+----------+--------------------------------------------------------------------------------------------------------------------------------------------+
; Port ; Type  ; Severity ; Details                                                                                                                                    ;
+------+-------+----------+--------------------------------------------------------------------------------------------------------------------------------------------+
; in   ; Input ; Warning  ; Input port expression (1 bits) is smaller than the input port (3 bits) it drives.  Extra input bit(s) "in[2..1]" will be connected to GND. ;
+------+-------+----------+--------------------------------------------------------------------------------------------------------------------------------------------+


+----------------------------------------------------------------------------------------------------------------------------------------------------------------------+
; Port Connectivity Checks: "seven_display_decoder:u5"                                                                                                                 ;
+------+-------+----------+--------------------------------------------------------------------------------------------------------------------------------------------+
; Port ; Type  ; Severity ; Details                                                                                                                                    ;
+------+-------+----------+--------------------------------------------------------------------------------------------------------------------------------------------+
; in   ; Input ; Warning  ; Input port expression (1 bits) is smaller than the input port (3 bits) it drives.  Extra input bit(s) "in[2..1]" will be connected to GND. ;
+------+-------+----------+--------------------------------------------------------------------------------------------------------------------------------------------+


+------------------------------------------------------+
; Port Connectivity Checks: "seven_display_decoder:u4" ;
+------+-------+----------+----------------------------+
; Port ; Type  ; Severity ; Details                    ;
+------+-------+----------+----------------------------+
; in   ; Input ; Info     ; Stuck at GND               ;
+------+-------+----------+----------------------------+


+----------------------------------------------------------------------------------------------------------------------------------------------------------------------+
; Port Connectivity Checks: "seven_display_decoder:u3"                                                                                                                 ;
+------+-------+----------+--------------------------------------------------------------------------------------------------------------------------------------------+
; Port ; Type  ; Severity ; Details                                                                                                                                    ;
+------+-------+----------+--------------------------------------------------------------------------------------------------------------------------------------------+
; in   ; Input ; Warning  ; Input port expression (1 bits) is smaller than the input port (3 bits) it drives.  Extra input bit(s) "in[2..1]" will be connected to GND. ;
+------+-------+----------+--------------------------------------------------------------------------------------------------------------------------------------------+


+----------------------------------------------------------------------------------------------------------------------------------------------------------------------+
; Port Connectivity Checks: "seven_display_decoder:u2"                                                                                                                 ;
+------+-------+----------+--------------------------------------------------------------------------------------------------------------------------------------------+
; Port ; Type  ; Severity ; Details                                                                                                                                    ;
+------+-------+----------+--------------------------------------------------------------------------------------------------------------------------------------------+
; in   ; Input ; Warning  ; Input port expression (1 bits) is smaller than the input port (3 bits) it drives.  Extra input bit(s) "in[2..1]" will be connected to GND. ;
+------+-------+----------+--------------------------------------------------------------------------------------------------------------------------------------------+


+------------------------------------------------------+
; Port Connectivity Checks: "seven_display_decoder:u1" ;
+------+-------+----------+----------------------------+
; Port ; Type  ; Severity ; Details                    ;
+------+-------+----------+----------------------------+
; in   ; Input ; Info     ; Stuck at GND               ;
+------+-------+----------+----------------------------+


+-------------------------------------------------------------------------------------------------------+
; Port Connectivity Checks: "sincos_CORDIC_0:u0|dspba_delay:redist6_firstQuadrant_uid15_sincosTest_b_2" ;
+------+-------+----------+-----------------------------------------------------------------------------+
; Port ; Type  ; Severity ; Details                                                                     ;
+------+-------+----------+-----------------------------------------------------------------------------+
; ena  ; Input ; Info     ; Stuck at VCC                                                                ;
+------+-------+----------+-----------------------------------------------------------------------------+


+---------------------------------------------------------------------------------------------------+
; Port Connectivity Checks: "sincos_CORDIC_0:u0|dspba_delay:redist1_xPostExc_uid123_sincosTest_b_1" ;
+------+-------+----------+-------------------------------------------------------------------------+
; Port ; Type  ; Severity ; Details                                                                 ;
+------+-------+----------+-------------------------------------------------------------------------+
; ena  ; Input ; Info     ; Stuck at VCC                                                            ;
+------+-------+----------+-------------------------------------------------------------------------+


+---------------------------------------------------------------------------------------------------+
; Port Connectivity Checks: "sincos_CORDIC_0:u0|dspba_delay:redist0_yPostExc_uid124_sincosTest_b_1" ;
+------+-------+----------+-------------------------------------------------------------------------+
; Port ; Type  ; Severity ; Details                                                                 ;
+------+-------+----------+-------------------------------------------------------------------------+
; ena  ; Input ; Info     ; Stuck at VCC                                                            ;
+------+-------+----------+-------------------------------------------------------------------------+


+----------------------------------------------------------------------------------------------+
; Port Connectivity Checks: "sincos_CORDIC_0:u0|dspba_delay:redist5_xMSB_uid48_sincosTest_b_1" ;
+------+-------+----------+--------------------------------------------------------------------+
; Port ; Type  ; Severity ; Details                                                            ;
+------+-------+----------+--------------------------------------------------------------------+
; ena  ; Input ; Info     ; Stuck at VCC                                                       ;
+------+-------+----------+--------------------------------------------------------------------+


+----------------------------------------------------------------------------------------------+
; Port Connectivity Checks: "sincos_CORDIC_0:u0|dspba_delay:redist4_xMSB_uid64_sincosTest_b_1" ;
+------+-------+----------+--------------------------------------------------------------------+
; Port ; Type  ; Severity ; Details                                                            ;
+------+-------+----------+--------------------------------------------------------------------+
; ena  ; Input ; Info     ; Stuck at VCC                                                       ;
+------+-------+----------+--------------------------------------------------------------------+


+----------------------------------------------------------------------------------------------+
; Port Connectivity Checks: "sincos_CORDIC_0:u0|dspba_delay:redist3_xMSB_uid80_sincosTest_b_1" ;
+------+-------+----------+--------------------------------------------------------------------+
; Port ; Type  ; Severity ; Details                                                            ;
+------+-------+----------+--------------------------------------------------------------------+
; ena  ; Input ; Info     ; Stuck at VCC                                                       ;
+------+-------+----------+--------------------------------------------------------------------+


+----------------------------------------------------------------------------------------------+
; Port Connectivity Checks: "sincos_CORDIC_0:u0|dspba_delay:redist2_xMSB_uid96_sincosTest_b_1" ;
+------+-------+----------+--------------------------------------------------------------------+
; Port ; Type  ; Severity ; Details                                                            ;
+------+-------+----------+--------------------------------------------------------------------+
; ena  ; Input ; Info     ; Stuck at VCC                                                       ;
+------+-------+----------+--------------------------------------------------------------------+


+-------------------------------------------------------------------------------------------------+
; Port Connectivity Checks: "sincos_CORDIC_0:u0|dspba_delay:redist7_invSignA_uid8_sincosTest_q_2" ;
+------+-------+----------+-----------------------------------------------------------------------+
; Port ; Type  ; Severity ; Details                                                               ;
+------+-------+----------+-----------------------------------------------------------------------+
; ena  ; Input ; Info     ; Stuck at VCC                                                          ;
+------+-------+----------+-----------------------------------------------------------------------+


+----------------------------------------------------------------------------------------------+
; Port Connectivity Checks: "sincos_CORDIC_0:u0|dspba_delay:redist8_signA_uid7_sincosTest_b_2" ;
+------+-------+----------+--------------------------------------------------------------------+
; Port ; Type  ; Severity ; Details                                                            ;
+------+-------+----------+--------------------------------------------------------------------+
; ena  ; Input ; Info     ; Stuck at VCC                                                       ;
+------+-------+----------+--------------------------------------------------------------------+


+------------------------------------------------------------------------------------------------------------------------+
; Port Connectivity Checks: "sincos_CORDIC_0:u0"                                                                         ;
+------+--------+------------------+-------------------------------------------------------------------------------------+
; Port ; Type   ; Severity         ; Details                                                                             ;
+------+--------+------------------+-------------------------------------------------------------------------------------+
; c    ; Output ; Critical Warning ; Types are incompatible                                                              ;
; c    ; Output ; Info             ; Connected to dangling logic. Logic that only feeds a dangling port will be removed. ;
; s    ; Output ; Critical Warning ; Types are incompatible                                                              ;
; s    ; Output ; Info             ; Connected to dangling logic. Logic that only feeds a dangling port will be removed. ;
+------+--------+------------------+-------------------------------------------------------------------------------------+


+-----------------------------------------------------+
; Post-Synthesis Netlist Statistics for Top Partition ;
+-----------------------+-----------------------------+
; Type                  ; Count                       ;
+-----------------------+-----------------------------+
; arriav_lcell_comb     ; 2                           ;
;     normal            ; 2                           ;
;         0 data inputs ; 2                           ;
; boundary_port         ; 54                          ;
;                       ;                             ;
; Max LUT depth         ; 0.00                        ;
; Average LUT depth     ; 0.00                        ;
+-----------------------+-----------------------------+


+-------------------------------+
; Elapsed Time Per Partition    ;
+----------------+--------------+
; Partition Name ; Elapsed Time ;
+----------------+--------------+
; Top            ; 00:00:00     ;
+----------------+--------------+


+-------------------------------+
; Analysis & Synthesis Messages ;
+-------------------------------+
Info: *******************************************************************
Info: Running Quartus Prime Analysis & Synthesis
    Info: Version 22.1std.2 Build 922 07/20/2023 SC Lite Edition
    Info: Processing started: Fri Sep 29 21:44:03 2023
Info: Command: quartus_map --read_settings_files=on --write_settings_files=off sincos7 -c sincos7
Warning (18236): Number of processors has not been specified which may cause overloading on shared machines.  Set the global assignment NUM_PARALLEL_PROCESSORS in your QSF to an appropriate value for best performance.
Info (20030): Parallel compilation is enabled and will use 4 of the 4 processors detected
Info (12021): Found 2 design units, including 1 entities, in source file sincos/synthesis/submodules/sincos_cordic_0.vhd
    Info (12022): Found design unit 1: sincos_CORDIC_0-normal File: C:/Users/sxc210186/Documents/GitHub/Reconfig/Project 3.3/sincos/synthesis/submodules/sincos_CORDIC_0.vhd Line: 46
    Info (12023): Found entity 1: sincos_CORDIC_0 File: C:/Users/sxc210186/Documents/GitHub/Reconfig/Project 3.3/sincos/synthesis/submodules/sincos_CORDIC_0.vhd Line: 36
Info (12021): Found 1 design units, including 0 entities, in source file sincos/synthesis/submodules/dspba_library_package.vhd
    Info (12022): Found design unit 1: dspba_library_package File: C:/Users/sxc210186/Documents/GitHub/Reconfig/Project 3.3/sincos/synthesis/submodules/dspba_library_package.vhd Line: 17
Info (12021): Found 6 design units, including 3 entities, in source file sincos/synthesis/submodules/dspba_library.vhd
    Info (12022): Found design unit 1: dspba_delay-delay File: C:/Users/sxc210186/Documents/GitHub/Reconfig/Project 3.3/sincos/synthesis/submodules/dspba_library.vhd Line: 34
    Info (12022): Found design unit 2: dspba_sync_reg-sync_reg File: C:/Users/sxc210186/Documents/GitHub/Reconfig/Project 3.3/sincos/synthesis/submodules/dspba_library.vhd Line: 117
    Info (12022): Found design unit 3: dspba_pipe-rtl File: C:/Users/sxc210186/Documents/GitHub/Reconfig/Project 3.3/sincos/synthesis/submodules/dspba_library.vhd Line: 356
    Info (12023): Found entity 1: dspba_delay File: C:/Users/sxc210186/Documents/GitHub/Reconfig/Project 3.3/sincos/synthesis/submodules/dspba_library.vhd Line: 18
    Info (12023): Found entity 2: dspba_sync_reg File: C:/Users/sxc210186/Documents/GitHub/Reconfig/Project 3.3/sincos/synthesis/submodules/dspba_library.vhd Line: 93
    Info (12023): Found entity 3: dspba_pipe File: C:/Users/sxc210186/Documents/GitHub/Reconfig/Project 3.3/sincos/synthesis/submodules/dspba_library.vhd Line: 343
Info (12021): Found 2 design units, including 2 entities, in source file sincos/synthesis/sincos.v
    Info (12023): Found entity 1: sincos File: C:/Users/sxc210186/Documents/GitHub/Reconfig/Project 3.3/sincos/synthesis/sincos.v Line: 26
    Info (12023): Found entity 2: seven_display_decoder File: C:/Users/sxc210186/Documents/GitHub/Reconfig/Project 3.3/sincos/synthesis/sincos.v Line: 56
Warning (10236): Verilog HDL Implicit Net warning at sincos.v(46): created implicit net for "temp1" File: C:/Users/sxc210186/Documents/GitHub/Reconfig/Project 3.3/sincos/synthesis/sincos.v Line: 46
Warning (10236): Verilog HDL Implicit Net warning at sincos.v(46): created implicit net for "temp2" File: C:/Users/sxc210186/Documents/GitHub/Reconfig/Project 3.3/sincos/synthesis/sincos.v Line: 46
Info (12127): Elaborating entity "sincos" for the top level hierarchy
Warning (10030): Net "temp_cos[2..0]" at sincos.v(38) has no driver or initial value, using a default initial value '0' File: C:/Users/sxc210186/Documents/GitHub/Reconfig/Project 3.3/sincos/synthesis/sincos.v Line: 38
Warning (10030): Net "temp_sin[2..0]" at sincos.v(39) has no driver or initial value, using a default initial value '0' File: C:/Users/sxc210186/Documents/GitHub/Reconfig/Project 3.3/sincos/synthesis/sincos.v Line: 39
Info (12128): Elaborating entity "sincos_CORDIC_0" for hierarchy "sincos_CORDIC_0:u0" File: C:/Users/sxc210186/Documents/GitHub/Reconfig/Project 3.3/sincos/synthesis/sincos.v Line: 46
Info (12128): Elaborating entity "dspba_delay" for hierarchy "sincos_CORDIC_0:u0|dspba_delay:redist8_signA_uid7_sincosTest_b_2" File: C:/Users/sxc210186/Documents/GitHub/Reconfig/Project 3.3/sincos/synthesis/submodules/sincos_CORDIC_0.vhd Line: 259
Info (12128): Elaborating entity "dspba_delay" for hierarchy "sincos_CORDIC_0:u0|dspba_delay:redist2_xMSB_uid96_sincosTest_b_1" File: C:/Users/sxc210186/Documents/GitHub/Reconfig/Project 3.3/sincos/synthesis/submodules/sincos_CORDIC_0.vhd Line: 450
Info (12128): Elaborating entity "dspba_delay" for hierarchy "sincos_CORDIC_0:u0|dspba_delay:redist0_yPostExc_uid124_sincosTest_b_1" File: C:/Users/sxc210186/Documents/GitHub/Reconfig/Project 3.3/sincos/synthesis/submodules/sincos_CORDIC_0.vhd Line: 682
Info (12128): Elaborating entity "seven_display_decoder" for hierarchy "seven_display_decoder:u1" File: C:/Users/sxc210186/Documents/GitHub/Reconfig/Project 3.3/sincos/synthesis/sincos.v Line: 47
Warning (12241): 5 hierarchies have connectivity warnings - see the Connectivity Checks report folder
Warning (13024): Output pins are stuck at VCC or GND
    Warning (13410): Pin "sin_sev_dec[0]" is stuck at GND File: C:/Users/sxc210186/Documents/GitHub/Reconfig/Project 3.3/sincos/synthesis/sincos.v Line: 30
    Warning (13410): Pin "sin_sev_dec[1]" is stuck at GND File: C:/Users/sxc210186/Documents/GitHub/Reconfig/Project 3.3/sincos/synthesis/sincos.v Line: 30
    Warning (13410): Pin "sin_sev_dec[2]" is stuck at GND File: C:/Users/sxc210186/Documents/GitHub/Reconfig/Project 3.3/sincos/synthesis/sincos.v Line: 30
    Warning (13410): Pin "sin_sev_dec[3]" is stuck at GND File: C:/Users/sxc210186/Documents/GitHub/Reconfig/Project 3.3/sincos/synthesis/sincos.v Line: 30
    Warning (13410): Pin "sin_sev_dec[4]" is stuck at GND File: C:/Users/sxc210186/Documents/GitHub/Reconfig/Project 3.3/sincos/synthesis/sincos.v Line: 30
    Warning (13410): Pin "sin_sev_dec[5]" is stuck at GND File: C:/Users/sxc210186/Documents/GitHub/Reconfig/Project 3.3/sincos/synthesis/sincos.v Line: 30
    Warning (13410): Pin "sin_sev_dec[6]" is stuck at VCC File: C:/Users/sxc210186/Documents/GitHub/Reconfig/Project 3.3/sincos/synthesis/sincos.v Line: 30
    Warning (13410): Pin "sin_sev_int[0]" is stuck at GND File: C:/Users/sxc210186/Documents/GitHub/Reconfig/Project 3.3/sincos/synthesis/sincos.v Line: 31
    Warning (13410): Pin "sin_sev_int[1]" is stuck at GND File: C:/Users/sxc210186/Documents/GitHub/Reconfig/Project 3.3/sincos/synthesis/sincos.v Line: 31
    Warning (13410): Pin "sin_sev_int[2]" is stuck at GND File: C:/Users/sxc210186/Documents/GitHub/Reconfig/Project 3.3/sincos/synthesis/sincos.v Line: 31
    Warning (13410): Pin "sin_sev_int[3]" is stuck at GND File: C:/Users/sxc210186/Documents/GitHub/Reconfig/Project 3.3/sincos/synthesis/sincos.v Line: 31
    Warning (13410): Pin "sin_sev_int[4]" is stuck at GND File: C:/Users/sxc210186/Documents/GitHub/Reconfig/Project 3.3/sincos/synthesis/sincos.v Line: 31
    Warning (13410): Pin "sin_sev_int[5]" is stuck at GND File: C:/Users/sxc210186/Documents/GitHub/Reconfig/Project 3.3/sincos/synthesis/sincos.v Line: 31
    Warning (13410): Pin "sin_sev_int[6]" is stuck at VCC File: C:/Users/sxc210186/Documents/GitHub/Reconfig/Project 3.3/sincos/synthesis/sincos.v Line: 31
    Warning (13410): Pin "sin_sev_sign[0]" is stuck at GND File: C:/Users/sxc210186/Documents/GitHub/Reconfig/Project 3.3/sincos/synthesis/sincos.v Line: 32
    Warning (13410): Pin "sin_sev_sign[1]" is stuck at GND File: C:/Users/sxc210186/Documents/GitHub/Reconfig/Project 3.3/sincos/synthesis/sincos.v Line: 32
    Warning (13410): Pin "sin_sev_sign[2]" is stuck at GND File: C:/Users/sxc210186/Documents/GitHub/Reconfig/Project 3.3/sincos/synthesis/sincos.v Line: 32
    Warning (13410): Pin "sin_sev_sign[3]" is stuck at GND File: C:/Users/sxc210186/Documents/GitHub/Reconfig/Project 3.3/sincos/synthesis/sincos.v Line: 32
    Warning (13410): Pin "sin_sev_sign[4]" is stuck at GND File: C:/Users/sxc210186/Documents/GitHub/Reconfig/Project 3.3/sincos/synthesis/sincos.v Line: 32
    Warning (13410): Pin "sin_sev_sign[5]" is stuck at GND File: C:/Users/sxc210186/Documents/GitHub/Reconfig/Project 3.3/sincos/synthesis/sincos.v Line: 32
    Warning (13410): Pin "sin_sev_sign[6]" is stuck at VCC File: C:/Users/sxc210186/Documents/GitHub/Reconfig/Project 3.3/sincos/synthesis/sincos.v Line: 32
    Warning (13410): Pin "cos_sev_dec[0]" is stuck at GND File: C:/Users/sxc210186/Documents/GitHub/Reconfig/Project 3.3/sincos/synthesis/sincos.v Line: 33
    Warning (13410): Pin "cos_sev_dec[1]" is stuck at GND File: C:/Users/sxc210186/Documents/GitHub/Reconfig/Project 3.3/sincos/synthesis/sincos.v Line: 33
    Warning (13410): Pin "cos_sev_dec[2]" is stuck at GND File: C:/Users/sxc210186/Documents/GitHub/Reconfig/Project 3.3/sincos/synthesis/sincos.v Line: 33
    Warning (13410): Pin "cos_sev_dec[3]" is stuck at GND File: C:/Users/sxc210186/Documents/GitHub/Reconfig/Project 3.3/sincos/synthesis/sincos.v Line: 33
    Warning (13410): Pin "cos_sev_dec[4]" is stuck at GND File: C:/Users/sxc210186/Documents/GitHub/Reconfig/Project 3.3/sincos/synthesis/sincos.v Line: 33
    Warning (13410): Pin "cos_sev_dec[5]" is stuck at GND File: C:/Users/sxc210186/Documents/GitHub/Reconfig/Project 3.3/sincos/synthesis/sincos.v Line: 33
    Warning (13410): Pin "cos_sev_dec[6]" is stuck at VCC File: C:/Users/sxc210186/Documents/GitHub/Reconfig/Project 3.3/sincos/synthesis/sincos.v Line: 33
    Warning (13410): Pin "cos_sev_int[0]" is stuck at GND File: C:/Users/sxc210186/Documents/GitHub/Reconfig/Project 3.3/sincos/synthesis/sincos.v Line: 34
    Warning (13410): Pin "cos_sev_int[1]" is stuck at GND File: C:/Users/sxc210186/Documents/GitHub/Reconfig/Project 3.3/sincos/synthesis/sincos.v Line: 34
    Warning (13410): Pin "cos_sev_int[2]" is stuck at GND File: C:/Users/sxc210186/Documents/GitHub/Reconfig/Project 3.3/sincos/synthesis/sincos.v Line: 34
    Warning (13410): Pin "cos_sev_int[3]" is stuck at GND File: C:/Users/sxc210186/Documents/GitHub/Reconfig/Project 3.3/sincos/synthesis/sincos.v Line: 34
    Warning (13410): Pin "cos_sev_int[4]" is stuck at GND File: C:/Users/sxc210186/Documents/GitHub/Reconfig/Project 3.3/sincos/synthesis/sincos.v Line: 34
    Warning (13410): Pin "cos_sev_int[5]" is stuck at GND File: C:/Users/sxc210186/Documents/GitHub/Reconfig/Project 3.3/sincos/synthesis/sincos.v Line: 34
    Warning (13410): Pin "cos_sev_int[6]" is stuck at VCC File: C:/Users/sxc210186/Documents/GitHub/Reconfig/Project 3.3/sincos/synthesis/sincos.v Line: 34
    Warning (13410): Pin "cos_sev_sign[0]" is stuck at GND File: C:/Users/sxc210186/Documents/GitHub/Reconfig/Project 3.3/sincos/synthesis/sincos.v Line: 36
    Warning (13410): Pin "cos_sev_sign[1]" is stuck at GND File: C:/Users/sxc210186/Documents/GitHub/Reconfig/Project 3.3/sincos/synthesis/sincos.v Line: 36
    Warning (13410): Pin "cos_sev_sign[2]" is stuck at GND File: C:/Users/sxc210186/Documents/GitHub/Reconfig/Project 3.3/sincos/synthesis/sincos.v Line: 36
    Warning (13410): Pin "cos_sev_sign[3]" is stuck at GND File: C:/Users/sxc210186/Documents/GitHub/Reconfig/Project 3.3/sincos/synthesis/sincos.v Line: 36
    Warning (13410): Pin "cos_sev_sign[4]" is stuck at GND File: C:/Users/sxc210186/Documents/GitHub/Reconfig/Project 3.3/sincos/synthesis/sincos.v Line: 36
    Warning (13410): Pin "cos_sev_sign[5]" is stuck at GND File: C:/Users/sxc210186/Documents/GitHub/Reconfig/Project 3.3/sincos/synthesis/sincos.v Line: 36
    Warning (13410): Pin "cos_sev_sign[6]" is stuck at VCC File: C:/Users/sxc210186/Documents/GitHub/Reconfig/Project 3.3/sincos/synthesis/sincos.v Line: 36
Info (16010): Generating hard_block partition "hard_block:auto_generated_inst"
    Info (16011): Adding 0 node(s), including 0 DDIO, 0 PLL, 0 transceiver and 0 LCELL
Warning (21074): Design contains 12 input pin(s) that do not drive logic
    Warning (15610): No output dependent on input pin "a[0]" File: C:/Users/sxc210186/Documents/GitHub/Reconfig/Project 3.3/sincos/synthesis/sincos.v Line: 27
    Warning (15610): No output dependent on input pin "a[1]" File: C:/Users/sxc210186/Documents/GitHub/Reconfig/Project 3.3/sincos/synthesis/sincos.v Line: 27
    Warning (15610): No output dependent on input pin "a[2]" File: C:/Users/sxc210186/Documents/GitHub/Reconfig/Project 3.3/sincos/synthesis/sincos.v Line: 27
    Warning (15610): No output dependent on input pin "a[3]" File: C:/Users/sxc210186/Documents/GitHub/Reconfig/Project 3.3/sincos/synthesis/sincos.v Line: 27
    Warning (15610): No output dependent on input pin "a[4]" File: C:/Users/sxc210186/Documents/GitHub/Reconfig/Project 3.3/sincos/synthesis/sincos.v Line: 27
    Warning (15610): No output dependent on input pin "a[5]" File: C:/Users/sxc210186/Documents/GitHub/Reconfig/Project 3.3/sincos/synthesis/sincos.v Line: 27
    Warning (15610): No output dependent on input pin "a[6]" File: C:/Users/sxc210186/Documents/GitHub/Reconfig/Project 3.3/sincos/synthesis/sincos.v Line: 27
    Warning (15610): No output dependent on input pin "a[7]" File: C:/Users/sxc210186/Documents/GitHub/Reconfig/Project 3.3/sincos/synthesis/sincos.v Line: 27
    Warning (15610): No output dependent on input pin "a[8]" File: C:/Users/sxc210186/Documents/GitHub/Reconfig/Project 3.3/sincos/synthesis/sincos.v Line: 27
    Warning (15610): No output dependent on input pin "a[9]" File: C:/Users/sxc210186/Documents/GitHub/Reconfig/Project 3.3/sincos/synthesis/sincos.v Line: 27
    Warning (15610): No output dependent on input pin "areset" File: C:/Users/sxc210186/Documents/GitHub/Reconfig/Project 3.3/sincos/synthesis/sincos.v Line: 28
    Warning (15610): No output dependent on input pin "clk" File: C:/Users/sxc210186/Documents/GitHub/Reconfig/Project 3.3/sincos/synthesis/sincos.v Line: 29
Info (21057): Implemented 54 device resources after synthesis - the final resource count might be different
    Info (21058): Implemented 12 input pins
    Info (21059): Implemented 42 output pins
Info: Quartus Prime Analysis & Synthesis was successful. 0 errors, 62 warnings
    Info: Peak virtual memory: 4858 megabytes
    Info: Processing ended: Fri Sep 29 21:44:17 2023
    Info: Elapsed time: 00:00:14
    Info: Total CPU time (on all processors): 00:00:36


